# JRE version: OpenJDK Runtime Environment (17.0.6) (build 17.0.6+0-b2043.56-10027231)
# Java VM: OpenJDK 64-Bit Server VM (17.0.6+0-b2043.56-10027231, mixed mode, tiered, compressed oops, compressed class ptrs, g1 gc, windows-amd64)
GC Precious Log:
 CPUs: 8 total, 8 available
 Memory: 7502M
 Large Page Support: Disabled
 NUMA Support: Disabled
 Compressed Oops: Enabled (32-bit)
 Heap Region Size: 1M
 Heap Min Capacity: 8M
 Heap Initial Capacity: 118M
 Heap Max Capacity: 2G
 Pre-touch: Disabled
 Parallel Workers: 8
 Concurrent Workers: 2
 Concurrent Refinement Workers: 8
 Periodic GC: Disabled
Heap:
 garbage-first heap   total 362496K, used 293888K [0x0000000080000000, 0x0000000100000000)
  region size 1024K, 3 young (3072K), 3 survivors (3072K)
 Metaspace       used 132882K, committed 133824K, reserved 1171456K
  class space    used 17382K, committed 17856K, reserved 1048576K
GC Heap History (20 events):
Event: 28.498 GC heap after
{Heap after GC invocations=51 (full 0):
 garbage-first heap   total 232448K, used 160592K [0x0000000080000000, 0x0000000100000000)
  region size 1024K, 6 young (6144K), 6 survivors (6144K)
 Metaspace       used 121543K, committed 122368K, reserved 1155072K
  class space    used 16043K, committed 16448K, reserved 1048576K
}
Event: 29.018 GC heap before
{Heap before GC invocations=51 (full 0):
 garbage-first heap   total 232448K, used 195408K [0x0000000080000000, 0x0000000100000000)
  region size 1024K, 39 young (39936K), 6 survivors (6144K)
 Metaspace       used 125594K, committed 126464K, reserved 1163264K
  class space    used 16417K, committed 16832K, reserved 1048576K
}
Event: 29.024 GC heap after
{Heap after GC invocations=52 (full 0):
 garbage-first heap   total 232448K, used 166374K [0x0000000080000000, 0x0000000100000000)
  region size 1024K, 5 young (5120K), 5 survivors (5120K)
 Metaspace       used 125594K, committed 126464K, reserved 1163264K
  class space    used 16417K, committed 16832K, reserved 1048576K
}
Event: 29.458 GC heap before
{Heap before GC invocations=52 (full 0):
 garbage-first heap   total 232448K, used 195046K [0x0000000080000000, 0x0000000100000000)
  region size 1024K, 33 young (33792K), 5 survivors (5120K)
 Metaspace       used 126446K, committed 127232K, reserved 1163264K
  class space    used 16521K, committed 16896K, reserved 1048576K
}
Event: 29.469 GC heap after
{Heap after GC invocations=53 (full 0):
 garbage-first heap   total 232448K, used 191488K [0x0000000080000000, 0x0000000100000000)
  region size 1024K, 5 young (5120K), 5 survivors (5120K)
 Metaspace       used 126446K, committed 127232K, reserved 1163264K
  class space    used 16521K, committed 16896K, reserved 1048576K
}
Event: 29.494 GC heap before
{Heap before GC invocations=53 (full 0):
 garbage-first heap   total 232448K, used 197632K [0x0000000080000000, 0x0000000100000000)
  region size 1024K, 11 young (11264K), 5 survivors (5120K)
 Metaspace       used 126447K, committed 127296K, reserved 1163264K
  class space    used 16521K, committed 16896K, reserved 1048576K
}
Event: 29.499 GC heap after
{Heap after GC invocations=54 (full 0):
 garbage-first heap   total 232448K, used 199119K [0x0000000080000000, 0x0000000100000000)
  region size 1024K, 2 young (2048K), 2 survivors (2048K)
 Metaspace       used 126447K, committed 127296K, reserved 1163264K
  class space    used 16521K, committed 16896K, reserved 1048576K
}
Event: 29.534 GC heap before
{Heap before GC invocations=54 (full 0):
 garbage-first heap   total 232448K, used 208335K [0x0000000080000000, 0x0000000100000000)
  region size 1024K, 11 young (11264K), 2 survivors (2048K)
 Metaspace       used 126449K, committed 127296K, reserved 1163264K
  class space    used 16521K, committed 16896K, reserved 1048576K
}
Event: 29.540 GC heap after
{Heap after GC invocations=55 (full 0):
 garbage-first heap   total 279552K, used 209740K [0x0000000080000000, 0x0000000100000000)
  region size 1024K, 2 young (2048K), 2 survivors (2048K)
 Metaspace       used 126449K, committed 127296K, reserved 1163264K
  class space    used 16521K, committed 16896K, reserved 1048576K
}
Event: 29.662 GC heap before
{Heap before GC invocations=55 (full 0):
 garbage-first heap   total 362496K, used 216908K [0x0000000080000000, 0x0000000100000000)
  region size 1024K, 15 young (15360K), 2 survivors (2048K)
 Metaspace       used 126737K, committed 127552K, reserved 1163264K
  class space    used 16555K, committed 16960K, reserved 1048576K
}
Event: 29.680 GC heap after
{Heap after GC invocations=56 (full 0):
 garbage-first heap   total 362496K, used 216791K [0x0000000080000000, 0x0000000100000000)
  region size 1024K, 2 young (2048K), 2 survivors (2048K)
 Metaspace       used 126737K, committed 127552K, reserved 1163264K
  class space    used 16555K, committed 16960K, reserved 1048576K
}
Event: 30.579 GC heap before
{Heap before GC invocations=57 (full 0):
 garbage-first heap   total 362496K, used 258775K [0x0000000080000000, 0x0000000100000000)
  region size 1024K, 41 young (41984K), 2 survivors (2048K)
 Metaspace       used 131633K, committed 132480K, reserved 1171456K
  class space    used 17264K, committed 17664K, reserved 1048576K
}
Event: 30.586 GC heap after
{Heap after GC invocations=58 (full 0):
 garbage-first heap   total 362496K, used 226155K [0x0000000080000000, 0x0000000100000000)
  region size 1024K, 6 young (6144K), 6 survivors (6144K)
 Metaspace       used 131633K, committed 132480K, reserved 1171456K
  class space    used 17264K, committed 17664K, reserved 1048576K
}
Event: 30.777 GC heap before
{Heap before GC invocations=58 (full 0):
 garbage-first heap   total 362496K, used 237419K [0x0000000080000000, 0x0000000100000000)
  region size 1024K, 17 young (17408K), 6 survivors (6144K)
 Metaspace       used 132567K, committed 133440K, reserved 1171456K
  class space    used 17367K, committed 17856K, reserved 1048576K
}
Event: 30.783 GC heap after
{Heap after GC invocations=59 (full 0):
 garbage-first heap   total 362496K, used 216006K [0x0000000080000000, 0x0000000100000000)
  region size 1024K, 2 young (2048K), 2 survivors (2048K)
 Metaspace       used 132567K, committed 133440K, reserved 1171456K
  class space    used 17367K, committed 17856K, reserved 1048576K
}
Event: 31.212 GC heap before
{Heap before GC invocations=59 (full 0):
 garbage-first heap   total 362496K, used 264134K [0x0000000080000000, 0x0000000100000000)
  region size 1024K, 49 young (50176K), 2 survivors (2048K)
 Metaspace       used 132826K, committed 133760K, reserved 1171456K
  class space    used 17382K, committed 17856K, reserved 1048576K
}
Event: 31.235 GC heap after
{Heap after GC invocations=60 (full 0):
 garbage-first heap   total 362496K, used 258048K [0x0000000080000000, 0x0000000100000000)
  region size 1024K, 7 young (7168K), 7 survivors (7168K)
 Metaspace       used 132826K, committed 133760K, reserved 1171456K
  class space    used 17382K, committed 17856K, reserved 1048576K
}
Event: 31.400 GC heap before
{Heap before GC invocations=60 (full 0):
 garbage-first heap   total 362496K, used 280576K [0x0000000080000000, 0x0000000100000000)
  region size 1024K, 29 young (29696K), 7 survivors (7168K)
 Metaspace       used 132882K, committed 133824K, reserved 1171456K
  class space    used 17382K, committed 17856K, reserved 1048576K
}
Event: 31.414 GC heap after
{Heap after GC invocations=61 (full 0):
 garbage-first heap   total 362496K, used 275456K [0x0000000080000000, 0x0000000100000000)
  region size 1024K, 4 young (4096K), 4 survivors (4096K)
 Metaspace       used 132882K, committed 133824K, reserved 1171456K
  class space    used 17382K, committed 17856K, reserved 1048576K
}
Event: 31.600 GC heap before
{Heap before GC invocations=61 (full 0):
 garbage-first heap   total 362496K, used 291840K [0x0000000080000000, 0x0000000100000000)
  region size 1024K, 20 young (20480K), 4 survivors (4096K)
 Metaspace       used 132882K, committed 133824K, reserved 1171456K
  class space    used 17382K, committed 17856K, reserved 1048576K
}

