# JRE version: OpenJDK Runtime Environment (17.0.6) (build 17.0.6+0-b2043.56-10027231)
# Java VM: OpenJDK 64-Bit Server VM (17.0.6+0-b2043.56-10027231, mixed mode, tiered, compressed oops, compressed class ptrs, g1 gc, windows-amd64)
GC Precious Log:
 CPUs: 8 total, 8 available
 Memory: 7502M
 Large Page Support: Disabled
 NUMA Support: Disabled
 Compressed Oops: Enabled (32-bit)
 Heap Region Size: 1M
 Heap Min Capacity: 8M
 Heap Initial Capacity: 118M
 Heap Max Capacity: 2G
 Pre-touch: Disabled
 Parallel Workers: 8
 Concurrent Workers: 2
 Concurrent Refinement Workers: 8
 Periodic GC: Disabled
Heap:
 garbage-first heap   total 119808K, used 70693K [0x0000000080000000, 0x0000000100000000)
  region size 1024K, 5 young (5120K), 3 survivors (3072K)
 Metaspace       used 51833K, committed 52416K, reserved 1097728K
  class space    used 6901K, committed 7168K, reserved 1048576K
GC Heap History (20 events):
Event: 3.944 GC heap before
{Heap before GC invocations=8 (full 0):
 garbage-first heap   total 83968K, used 56439K [0x0000000080000000, 0x0000000100000000)
  region size 1024K, 11 young (11264K), 1 survivors (1024K)
 Metaspace       used 30642K, committed 30976K, reserved 1081344K
  class space    used 4174K, committed 4352K, reserved 1048576K
}
Event: 3.946 GC heap after
{Heap after GC invocations=9 (full 0):
 garbage-first heap   total 83968K, used 49116K [0x0000000080000000, 0x0000000100000000)
  region size 1024K, 2 young (2048K), 2 survivors (2048K)
 Metaspace       used 30642K, committed 30976K, reserved 1081344K
  class space    used 4174K, committed 4352K, reserved 1048576K
}
Event: 4.235 GC heap before
{Heap before GC invocations=9 (full 0):
 garbage-first heap   total 83968K, used 63452K [0x0000000080000000, 0x0000000100000000)
  region size 1024K, 17 young (17408K), 2 survivors (2048K)
 Metaspace       used 32538K, committed 32896K, reserved 1081344K
  class space    used 4502K, committed 4672K, reserved 1048576K
}
Event: 4.238 GC heap after
{Heap after GC invocations=10 (full 0):
 garbage-first heap   total 83968K, used 49833K [0x0000000080000000, 0x0000000100000000)
  region size 1024K, 1 young (1024K), 1 survivors (1024K)
 Metaspace       used 32538K, committed 32896K, reserved 1081344K
  class space    used 4502K, committed 4672K, reserved 1048576K
}
Event: 4.527 GC heap before
{Heap before GC invocations=11 (full 0):
 garbage-first heap   total 89088K, used 65193K [0x0000000080000000, 0x0000000100000000)
  region size 1024K, 16 young (16384K), 1 survivors (1024K)
 Metaspace       used 34797K, committed 35136K, reserved 1081344K
  class space    used 4852K, committed 4992K, reserved 1048576K
}
Event: 4.529 GC heap after
{Heap after GC invocations=12 (full 0):
 garbage-first heap   total 89088K, used 50473K [0x0000000080000000, 0x0000000100000000)
  region size 1024K, 2 young (2048K), 2 survivors (2048K)
 Metaspace       used 34797K, committed 35136K, reserved 1081344K
  class space    used 4852K, committed 4992K, reserved 1048576K
}
Event: 4.960 GC heap before
{Heap before GC invocations=12 (full 0):
 garbage-first heap   total 89088K, used 69929K [0x0000000080000000, 0x0000000100000000)
  region size 1024K, 21 young (21504K), 2 survivors (2048K)
 Metaspace       used 40453K, committed 40896K, reserved 1089536K
  class space    used 5482K, committed 5696K, reserved 1048576K
}
Event: 4.963 GC heap after
{Heap after GC invocations=13 (full 0):
 garbage-first heap   total 89088K, used 52961K [0x0000000080000000, 0x0000000100000000)
  region size 1024K, 3 young (3072K), 3 survivors (3072K)
 Metaspace       used 40453K, committed 40896K, reserved 1089536K
  class space    used 5482K, committed 5696K, reserved 1048576K
}
Event: 5.154 GC heap before
{Heap before GC invocations=14 (full 0):
 garbage-first heap   total 94208K, used 70369K [0x0000000080000000, 0x0000000100000000)
  region size 1024K, 21 young (21504K), 3 survivors (3072K)
 Metaspace       used 41658K, committed 42048K, reserved 1089536K
  class space    used 5576K, committed 5760K, reserved 1048576K
}
Event: 5.158 GC heap after
{Heap after GC invocations=15 (full 0):
 garbage-first heap   total 94208K, used 55705K [0x0000000080000000, 0x0000000100000000)
  region size 1024K, 3 young (3072K), 3 survivors (3072K)
 Metaspace       used 41658K, committed 42048K, reserved 1089536K
  class space    used 5576K, committed 5760K, reserved 1048576K
}
Event: 5.238 GC heap before
{Heap before GC invocations=15 (full 0):
 garbage-first heap   total 94208K, used 63897K [0x0000000080000000, 0x0000000100000000)
  region size 1024K, 13 young (13312K), 3 survivors (3072K)
 Metaspace       used 42122K, committed 42560K, reserved 1089536K
  class space    used 5622K, committed 5824K, reserved 1048576K
}
Event: 5.240 GC heap after
{Heap after GC invocations=16 (full 0):
 garbage-first heap   total 113664K, used 56398K [0x0000000080000000, 0x0000000100000000)
  region size 1024K, 2 young (2048K), 2 survivors (2048K)
 Metaspace       used 42122K, committed 42560K, reserved 1089536K
  class space    used 5622K, committed 5824K, reserved 1048576K
}
Event: 5.927 GC heap before
{Heap before GC invocations=17 (full 0):
 garbage-first heap   total 113664K, used 90190K [0x0000000080000000, 0x0000000100000000)
  region size 1024K, 33 young (33792K), 2 survivors (2048K)
 Metaspace       used 46592K, committed 47104K, reserved 1089536K
  class space    used 6191K, committed 6400K, reserved 1048576K
}
Event: 5.931 GC heap after
{Heap after GC invocations=18 (full 0):
 garbage-first heap   total 113664K, used 58799K [0x0000000080000000, 0x0000000100000000)
  region size 1024K, 5 young (5120K), 5 survivors (5120K)
 Metaspace       used 46592K, committed 47104K, reserved 1089536K
  class space    used 6191K, committed 6400K, reserved 1048576K
}
Event: 6.104 GC heap before
{Heap before GC invocations=19 (full 0):
 garbage-first heap   total 114688K, used 75183K [0x0000000080000000, 0x0000000100000000)
  region size 1024K, 16 young (16384K), 5 survivors (5120K)
 Metaspace       used 47318K, committed 47744K, reserved 1097728K
  class space    used 6274K, committed 6464K, reserved 1048576K
}
Event: 6.107 GC heap after
{Heap after GC invocations=20 (full 0):
 garbage-first heap   total 114688K, used 67185K [0x0000000080000000, 0x0000000100000000)
  region size 1024K, 3 young (3072K), 3 survivors (3072K)
 Metaspace       used 47318K, committed 47744K, reserved 1097728K
  class space    used 6274K, committed 6464K, reserved 1048576K
}
Event: 6.464 GC heap before
{Heap before GC invocations=21 (full 0):
 garbage-first heap   total 119808K, used 87665K [0x0000000080000000, 0x0000000100000000)
  region size 1024K, 22 young (22528K), 3 survivors (3072K)
 Metaspace       used 49623K, committed 50112K, reserved 1097728K
  class space    used 6506K, committed 6720K, reserved 1048576K
}
Event: 6.466 GC heap after
{Heap after GC invocations=22 (full 0):
 garbage-first heap   total 119808K, used 68450K [0x0000000080000000, 0x0000000100000000)
  region size 1024K, 2 young (2048K), 2 survivors (2048K)
 Metaspace       used 49623K, committed 50112K, reserved 1097728K
  class space    used 6506K, committed 6720K, reserved 1048576K
}
Event: 7.111 GC heap before
{Heap before GC invocations=22 (full 0):
 garbage-first heap   total 119808K, used 90978K [0x0000000080000000, 0x0000000100000000)
  region size 1024K, 24 young (24576K), 2 survivors (2048K)
 Metaspace       used 51725K, committed 52352K, reserved 1097728K
  class space    used 6881K, committed 7168K, reserved 1048576K
}
Event: 7.115 GC heap after
{Heap after GC invocations=23 (full 0):
 garbage-first heap   total 119808K, used 69669K [0x0000000080000000, 0x0000000100000000)
  region size 1024K, 3 young (3072K), 3 survivors (3072K)
 Metaspace       used 51725K, committed 52352K, reserved 1097728K
  class space    used 6881K, committed 7168K, reserved 1048576K
}

