# JRE version: OpenJDK Runtime Environment (17.0.6) (build 17.0.6+0-b2043.56-10027231)
# Java VM: OpenJDK 64-Bit Server VM (17.0.6+0-b2043.56-10027231, mixed mode, tiered, compressed oops, compressed class ptrs, g1 gc, windows-amd64)
GC Precious Log:
 CPUs: 8 total, 8 available
 Memory: 7502M
 Large Page Support: Disabled
 NUMA Support: Disabled
 Compressed Oops: Enabled (32-bit)
 Heap Region Size: 1M
 Heap Min Capacity: 8M
 Heap Initial Capacity: 118M
 Heap Max Capacity: 2G
 Pre-touch: Disabled
 Parallel Workers: 8
 Concurrent Workers: 2
 Concurrent Refinement Workers: 8
 Periodic GC: Disabled
Heap:
 garbage-first heap   total 237568K, used 189440K [0x0000000080000000, 0x0000000100000000)
  region size 1024K, 3 young (3072K), 3 survivors (3072K)
 Metaspace       used 116120K, committed 116928K, reserved 1155072K
  class space    used 15262K, committed 15680K, reserved 1048576K
GC Heap History (20 events):
Event: 12.263 GC heap after
{Heap after GC invocations=37 (full 0):
 garbage-first heap   total 231424K, used 85143K [0x0000000080000000, 0x0000000100000000)
  region size 1024K, 14 young (14336K), 14 survivors (14336K)
 Metaspace       used 95390K, committed 96064K, reserved 1138688K
  class space    used 12960K, committed 13312K, reserved 1048576K
}
Event: 13.184 GC heap before
{Heap before GC invocations=37 (full 0):
 garbage-first heap   total 231424K, used 177303K [0x0000000080000000, 0x0000000100000000)
  region size 1024K, 104 young (106496K), 14 survivors (14336K)
 Metaspace       used 99246K, committed 99968K, reserved 1138688K
  class space    used 13456K, committed 13824K, reserved 1048576K
}
Event: 13.205 GC heap after
{Heap after GC invocations=38 (full 0):
 garbage-first heap   total 231424K, used 99032K [0x0000000080000000, 0x0000000100000000)
  region size 1024K, 13 young (13312K), 13 survivors (13312K)
 Metaspace       used 99246K, committed 99968K, reserved 1138688K
  class space    used 13456K, committed 13824K, reserved 1048576K
}
Event: 13.994 GC heap before
{Heap before GC invocations=38 (full 0):
 garbage-first heap   total 231424K, used 176856K [0x0000000080000000, 0x0000000100000000)
  region size 1024K, 90 young (92160K), 13 survivors (13312K)
 Metaspace       used 99871K, committed 100608K, reserved 1138688K
  class space    used 13493K, committed 13824K, reserved 1048576K
}
Event: 14.010 GC heap after
{Heap after GC invocations=39 (full 0):
 garbage-first heap   total 231424K, used 106259K [0x0000000080000000, 0x0000000100000000)
  region size 1024K, 8 young (8192K), 8 survivors (8192K)
 Metaspace       used 99871K, committed 100608K, reserved 1138688K
  class space    used 13493K, committed 13824K, reserved 1048576K
}
Event: 14.665 GC heap before
{Heap before GC invocations=40 (full 0):
 garbage-first heap   total 231424K, used 181011K [0x0000000080000000, 0x0000000100000000)
  region size 1024K, 82 young (83968K), 8 survivors (8192K)
 Metaspace       used 100383K, committed 101120K, reserved 1138688K
  class space    used 13532K, committed 13888K, reserved 1048576K
}
Event: 14.673 GC heap after
{Heap after GC invocations=41 (full 0):
 garbage-first heap   total 231424K, used 111210K [0x0000000080000000, 0x0000000100000000)
  region size 1024K, 8 young (8192K), 8 survivors (8192K)
 Metaspace       used 100383K, committed 101120K, reserved 1138688K
  class space    used 13532K, committed 13888K, reserved 1048576K
}
Event: 14.720 GC heap before
{Heap before GC invocations=41 (full 0):
 garbage-first heap   total 231424K, used 113258K [0x0000000080000000, 0x0000000100000000)
  region size 1024K, 11 young (11264K), 8 survivors (8192K)
 Metaspace       used 100613K, committed 101312K, reserved 1138688K
  class space    used 13547K, committed 13888K, reserved 1048576K
}
Event: 14.726 GC heap after
{Heap after GC invocations=42 (full 0):
 garbage-first heap   total 231424K, used 110665K [0x0000000080000000, 0x0000000100000000)
  region size 1024K, 2 young (2048K), 2 survivors (2048K)
 Metaspace       used 100613K, committed 101312K, reserved 1138688K
  class space    used 13547K, committed 13888K, reserved 1048576K
}
Event: 15.393 GC heap before
{Heap before GC invocations=42 (full 0):
 garbage-first heap   total 231424K, used 189513K [0x0000000080000000, 0x0000000100000000)
  region size 1024K, 74 young (75776K), 2 survivors (2048K)
 Metaspace       used 102689K, committed 103424K, reserved 1138688K
  class space    used 13850K, committed 14208K, reserved 1048576K
}
Event: 15.398 GC heap after
{Heap after GC invocations=43 (full 0):
 garbage-first heap   total 231424K, used 119602K [0x0000000080000000, 0x0000000100000000)
  region size 1024K, 6 young (6144K), 6 survivors (6144K)
 Metaspace       used 102689K, committed 103424K, reserved 1138688K
  class space    used 13850K, committed 14208K, reserved 1048576K
}
Event: 16.065 GC heap before
{Heap before GC invocations=43 (full 0):
 garbage-first heap   total 231424K, used 189234K [0x0000000080000000, 0x0000000100000000)
  region size 1024K, 72 young (73728K), 6 survivors (6144K)
 Metaspace       used 108656K, committed 109376K, reserved 1146880K
  class space    used 14477K, committed 14848K, reserved 1048576K
}
Event: 16.072 GC heap after
{Heap after GC invocations=44 (full 0):
 garbage-first heap   total 231424K, used 123378K [0x0000000080000000, 0x0000000100000000)
  region size 1024K, 5 young (5120K), 5 survivors (5120K)
 Metaspace       used 108656K, committed 109376K, reserved 1146880K
  class space    used 14477K, committed 14848K, reserved 1048576K
}
Event: 16.834 GC heap before
{Heap before GC invocations=44 (full 0):
 garbage-first heap   total 231424K, used 175602K [0x0000000080000000, 0x0000000100000000)
  region size 1024K, 53 young (54272K), 5 survivors (5120K)
 Metaspace       used 111170K, committed 111936K, reserved 1146880K
  class space    used 14724K, committed 15104K, reserved 1048576K
}
Event: 16.844 GC heap after
{Heap after GC invocations=45 (full 0):
 garbage-first heap   total 231424K, used 137725K [0x0000000080000000, 0x0000000100000000)
  region size 1024K, 9 young (9216K), 9 survivors (9216K)
 Metaspace       used 111170K, committed 111936K, reserved 1146880K
  class space    used 14724K, committed 15104K, reserved 1048576K
}
Event: 17.478 GC heap before
{Heap before GC invocations=46 (full 0):
 garbage-first heap   total 237568K, used 185853K [0x0000000080000000, 0x0000000100000000)
  region size 1024K, 56 young (57344K), 9 survivors (9216K)
 Metaspace       used 116116K, committed 116928K, reserved 1155072K
  class space    used 15262K, committed 15680K, reserved 1048576K
}
Event: 17.494 GC heap after
{Heap after GC invocations=47 (full 0):
 garbage-first heap   total 237568K, used 168747K [0x0000000080000000, 0x0000000100000000)
  region size 1024K, 7 young (7168K), 7 survivors (7168K)
 Metaspace       used 116116K, committed 116928K, reserved 1155072K
  class space    used 15262K, committed 15680K, reserved 1048576K
}
Event: 17.515 GC heap before
{Heap before GC invocations=47 (full 0):
 garbage-first heap   total 237568K, used 172843K [0x0000000080000000, 0x0000000100000000)
  region size 1024K, 11 young (11264K), 7 survivors (7168K)
 Metaspace       used 116120K, committed 116928K, reserved 1155072K
  class space    used 15262K, committed 15680K, reserved 1048576K
}
Event: 17.523 GC heap after
{Heap after GC invocations=48 (full 0):
 garbage-first heap   total 237568K, used 173056K [0x0000000080000000, 0x0000000100000000)
  region size 1024K, 2 young (2048K), 2 survivors (2048K)
 Metaspace       used 116120K, committed 116928K, reserved 1155072K
  class space    used 15262K, committed 15680K, reserved 1048576K
}
Event: 17.582 GC heap before
{Heap before GC invocations=48 (full 0):
 garbage-first heap   total 237568K, used 188416K [0x0000000080000000, 0x0000000100000000)
  region size 1024K, 17 young (17408K), 2 survivors (2048K)
 Metaspace       used 116120K, committed 116928K, reserved 1155072K
  class space    used 15262K, committed 15680K, reserved 1048576K
}

