# JRE version: OpenJDK Runtime Environment (17.0.6) (build 17.0.6+0-b2043.56-10027231)
# Java VM: OpenJDK 64-Bit Server VM (17.0.6+0-b2043.56-10027231, mixed mode, tiered, compressed oops, compressed class ptrs, g1 gc, windows-amd64)
GC Precious Log:
 CPUs: 8 total, 8 available
 Memory: 7502M
 Large Page Support: Disabled
 NUMA Support: Disabled
 Compressed Oops: Enabled (32-bit)
 Heap Region Size: 1M
 Heap Min Capacity: 8M
 Heap Initial Capacity: 118M
 Heap Max Capacity: 2G
 Pre-touch: Disabled
 Parallel Workers: 8
 Concurrent Workers: 2
 Concurrent Refinement Workers: 8
 Periodic GC: Disabled
Heap:
 garbage-first heap   total 249856K, used 145185K [0x0000000080000000, 0x0000000100000000)
  region size 1024K, 2 young (2048K), 2 survivors (2048K)
 Metaspace       used 110966K, committed 111680K, reserved 1146880K
  class space    used 14734K, committed 15104K, reserved 1048576K
GC Heap History (20 events):
Event: 10.762 GC heap after
{Heap after GC invocations=40 (full 0):
 garbage-first heap   total 202752K, used 79594K [0x0000000080000000, 0x0000000100000000)
  region size 1024K, 4 young (4096K), 4 survivors (4096K)
 Metaspace       used 88461K, committed 89088K, reserved 1130496K
  class space    used 11947K, committed 12224K, reserved 1048576K
}
Event: 15.251 GC heap before
{Heap before GC invocations=41 (full 0):
 garbage-first heap   total 202752K, used 159466K [0x0000000080000000, 0x0000000100000000)
  region size 1024K, 82 young (83968K), 4 survivors (4096K)
 Metaspace       used 95380K, committed 96000K, reserved 1138688K
  class space    used 12651K, committed 12928K, reserved 1048576K
}
Event: 15.258 GC heap after
{Heap after GC invocations=42 (full 0):
 garbage-first heap   total 202752K, used 83838K [0x0000000080000000, 0x0000000100000000)
  region size 1024K, 9 young (9216K), 9 survivors (9216K)
 Metaspace       used 95380K, committed 96000K, reserved 1138688K
  class space    used 12651K, committed 12928K, reserved 1048576K
}
Event: 15.268 GC heap before
{Heap before GC invocations=42 (full 0):
 garbage-first heap   total 202752K, used 84862K [0x0000000080000000, 0x0000000100000000)
  region size 1024K, 10 young (10240K), 9 survivors (9216K)
 Metaspace       used 95389K, committed 96000K, reserved 1138688K
  class space    used 12651K, committed 12928K, reserved 1048576K
}
Event: 15.273 GC heap after
{Heap after GC invocations=43 (full 0):
 garbage-first heap   total 202752K, used 84099K [0x0000000080000000, 0x0000000100000000)
  region size 1024K, 2 young (2048K), 2 survivors (2048K)
 Metaspace       used 95389K, committed 96000K, reserved 1138688K
  class space    used 12651K, committed 12928K, reserved 1048576K
}
Event: 16.731 GC heap before
{Heap before GC invocations=43 (full 0):
 garbage-first heap   total 202752K, used 161923K [0x0000000080000000, 0x0000000100000000)
  region size 1024K, 78 young (79872K), 2 survivors (2048K)
 Metaspace       used 101235K, committed 101952K, reserved 1138688K
  class space    used 13449K, committed 13760K, reserved 1048576K
}
Event: 16.740 GC heap after
{Heap after GC invocations=44 (full 0):
 garbage-first heap   total 202752K, used 90078K [0x0000000080000000, 0x0000000100000000)
  region size 1024K, 7 young (7168K), 7 survivors (7168K)
 Metaspace       used 101235K, committed 101952K, reserved 1138688K
  class space    used 13449K, committed 13760K, reserved 1048576K
}
Event: 17.569 GC heap before
{Heap before GC invocations=44 (full 0):
 garbage-first heap   total 202752K, used 162782K [0x0000000080000000, 0x0000000100000000)
  region size 1024K, 78 young (79872K), 7 survivors (7168K)
 Metaspace       used 103075K, committed 103808K, reserved 1138688K
  class space    used 13692K, committed 14016K, reserved 1048576K
}
Event: 17.580 GC heap after
{Heap after GC invocations=45 (full 0):
 garbage-first heap   total 202752K, used 100055K [0x0000000080000000, 0x0000000100000000)
  region size 1024K, 10 young (10240K), 10 survivors (10240K)
 Metaspace       used 103075K, committed 103808K, reserved 1138688K
  class space    used 13692K, committed 14016K, reserved 1048576K
}
Event: 18.348 GC heap before
{Heap before GC invocations=45 (full 0):
 garbage-first heap   total 202752K, used 161495K [0x0000000080000000, 0x0000000100000000)
  region size 1024K, 71 young (72704K), 10 survivors (10240K)
 Metaspace       used 104590K, committed 105344K, reserved 1146880K
  class space    used 13949K, committed 14272K, reserved 1048576K
}
Event: 18.362 GC heap after
{Heap after GC invocations=46 (full 0):
 garbage-first heap   total 202752K, used 109389K [0x0000000080000000, 0x0000000100000000)
  region size 1024K, 9 young (9216K), 9 survivors (9216K)
 Metaspace       used 104590K, committed 105344K, reserved 1146880K
  class space    used 13949K, committed 14272K, reserved 1048576K
}
Event: 19.353 GC heap before
{Heap before GC invocations=46 (full 0):
 garbage-first heap   total 202752K, used 162637K [0x0000000080000000, 0x0000000100000000)
  region size 1024K, 62 young (63488K), 9 survivors (9216K)
 Metaspace       used 107664K, committed 108416K, reserved 1146880K
  class space    used 14311K, committed 14656K, reserved 1048576K
}
Event: 19.361 GC heap after
{Heap after GC invocations=47 (full 0):
 garbage-first heap   total 202752K, used 113553K [0x0000000080000000, 0x0000000100000000)
  region size 1024K, 7 young (7168K), 7 survivors (7168K)
 Metaspace       used 107664K, committed 108416K, reserved 1146880K
  class space    used 14311K, committed 14656K, reserved 1048576K
}
Event: 20.398 GC heap before
{Heap before GC invocations=47 (full 0):
 garbage-first heap   total 202752K, used 171921K [0x0000000080000000, 0x0000000100000000)
  region size 1024K, 56 young (57344K), 7 survivors (7168K)
 Metaspace       used 108039K, committed 108800K, reserved 1146880K
  class space    used 14336K, committed 14720K, reserved 1048576K
}
Event: 20.415 GC heap after
{Heap after GC invocations=48 (full 0):
 garbage-first heap   total 202752K, used 137754K [0x0000000080000000, 0x0000000100000000)
  region size 1024K, 7 young (7168K), 7 survivors (7168K)
 Metaspace       used 108039K, committed 108800K, reserved 1146880K
  class space    used 14336K, committed 14720K, reserved 1048576K
}
Event: 20.920 GC heap before
{Heap before GC invocations=48 (full 0):
 garbage-first heap   total 202752K, used 170522K [0x0000000080000000, 0x0000000100000000)
  region size 1024K, 31 young (31744K), 7 survivors (7168K)
 Metaspace       used 108461K, committed 109184K, reserved 1146880K
  class space    used 14368K, committed 14720K, reserved 1048576K
}
Event: 20.930 GC heap after
{Heap after GC invocations=49 (full 0):
 garbage-first heap   total 202752K, used 143231K [0x0000000080000000, 0x0000000100000000)
  region size 1024K, 4 young (4096K), 4 survivors (4096K)
 Metaspace       used 108461K, committed 109184K, reserved 1146880K
  class space    used 14368K, committed 14720K, reserved 1048576K
}
Event: 21.458 GC heap before
{Heap before GC invocations=50 (full 0):
 garbage-first heap   total 249856K, used 163711K [0x0000000080000000, 0x0000000100000000)
  region size 1024K, 24 young (24576K), 4 survivors (4096K)
 Metaspace       used 110886K, committed 111616K, reserved 1146880K
  class space    used 14726K, committed 15104K, reserved 1048576K
}
Event: 21.464 GC heap after
{Heap after GC invocations=51 (full 0):
 garbage-first heap   total 249856K, used 146093K [0x0000000080000000, 0x0000000100000000)
  region size 1024K, 3 young (3072K), 3 survivors (3072K)
 Metaspace       used 110886K, committed 111616K, reserved 1146880K
  class space    used 14726K, committed 15104K, reserved 1048576K
}
Event: 21.646 GC heap before
{Heap before GC invocations=51 (full 0):
 garbage-first heap   total 249856K, used 154285K [0x0000000080000000, 0x0000000100000000)
  region size 1024K, 12 young (12288K), 3 survivors (3072K)
 Metaspace       used 110966K, committed 111680K, reserved 1146880K
  class space    used 14734K, committed 15104K, reserved 1048576K
}

