# JRE version: OpenJDK Runtime Environment (17.0.6) (build 17.0.6+0-b2043.56-10027231)
# Java VM: OpenJDK 64-Bit Server VM (17.0.6+0-b2043.56-10027231, mixed mode, tiered, compressed oops, compressed class ptrs, g1 gc, windows-amd64)
GC Precious Log:
 CPUs: 8 total, 8 available
 Memory: 7502M
 Large Page Support: Disabled
 NUMA Support: Disabled
 Compressed Oops: Enabled (32-bit)
 Heap Region Size: 1M
 Heap Min Capacity: 8M
 Heap Initial Capacity: 118M
 Heap Max Capacity: 2G
 Pre-touch: Disabled
 Parallel Workers: 8
 Concurrent Workers: 2
 Concurrent Refinement Workers: 8
 Periodic GC: Disabled
Heap:
 garbage-first heap   total 419840K, used 249636K [0x0000000080000000, 0x0000000100000000)
  region size 1024K, 9 young (9216K), 9 survivors (9216K)
 Metaspace       used 131902K, committed 132800K, reserved 1171456K
  class space    used 17449K, committed 17920K, reserved 1048576K
GC Heap History (20 events):
Event: 28.087 GC heap after
{Heap after GC invocations=49 (full 0):
 garbage-first heap   total 257024K, used 173359K [0x0000000080000000, 0x0000000100000000)
  region size 1024K, 6 young (6144K), 6 survivors (6144K)
 Metaspace       used 120698K, committed 121536K, reserved 1155072K
  class space    used 15691K, committed 16128K, reserved 1048576K
}
Event: 28.543 GC heap before
{Heap before GC invocations=49 (full 0):
 garbage-first heap   total 257024K, used 225583K [0x0000000080000000, 0x0000000100000000)
  region size 1024K, 47 young (48128K), 6 survivors (6144K)
 Metaspace       used 121179K, committed 122048K, reserved 1155072K
  class space    used 15758K, committed 16192K, reserved 1048576K
}
Event: 28.549 GC heap after
{Heap after GC invocations=50 (full 0):
 garbage-first heap   total 257024K, used 188904K [0x0000000080000000, 0x0000000100000000)
  region size 1024K, 6 young (6144K), 6 survivors (6144K)
 Metaspace       used 121179K, committed 122048K, reserved 1155072K
  class space    used 15758K, committed 16192K, reserved 1048576K
}
Event: 28.912 GC heap before
{Heap before GC invocations=50 (full 0):
 garbage-first heap   total 257024K, used 222696K [0x0000000080000000, 0x0000000100000000)
  region size 1024K, 27 young (27648K), 6 survivors (6144K)
 Metaspace       used 124280K, committed 125184K, reserved 1163264K
  class space    used 16201K, committed 16640K, reserved 1048576K
}
Event: 28.917 GC heap after
{Heap after GC invocations=51 (full 0):
 garbage-first heap   total 257024K, used 200186K [0x0000000080000000, 0x0000000100000000)
  region size 1024K, 5 young (5120K), 5 survivors (5120K)
 Metaspace       used 124280K, committed 125184K, reserved 1163264K
  class space    used 16201K, committed 16640K, reserved 1048576K
}
Event: 28.921 GC heap before
{Heap before GC invocations=51 (full 0):
 garbage-first heap   total 257024K, used 212474K [0x0000000080000000, 0x0000000100000000)
  region size 1024K, 7 young (7168K), 5 survivors (5120K)
 Metaspace       used 124281K, committed 125184K, reserved 1163264K
  class space    used 16201K, committed 16640K, reserved 1048576K
}
Event: 28.925 GC heap after
{Heap after GC invocations=52 (full 0):
 garbage-first heap   total 257024K, used 208748K [0x0000000080000000, 0x0000000100000000)
  region size 1024K, 2 young (2048K), 2 survivors (2048K)
 Metaspace       used 124281K, committed 125184K, reserved 1163264K
  class space    used 16201K, committed 16640K, reserved 1048576K
}
Event: 29.097 GC heap before
{Heap before GC invocations=52 (full 0):
 garbage-first heap   total 348160K, used 207724K [0x0000000080000000, 0x0000000100000000)
  region size 1024K, 12 young (12288K), 2 survivors (2048K)
 Metaspace       used 124591K, committed 125504K, reserved 1163264K
  class space    used 16244K, committed 16704K, reserved 1048576K
}
Event: 29.101 GC heap after
{Heap after GC invocations=53 (full 0):
 garbage-first heap   total 348160K, used 196114K [0x0000000080000000, 0x0000000100000000)
  region size 1024K, 2 young (2048K), 2 survivors (2048K)
 Metaspace       used 124591K, committed 125504K, reserved 1163264K
  class space    used 16244K, committed 16704K, reserved 1048576K
}
Event: 29.603 GC heap before
{Heap before GC invocations=54 (full 0):
 garbage-first heap   total 348160K, used 260626K [0x0000000080000000, 0x0000000100000000)
  region size 1024K, 64 young (65536K), 2 survivors (2048K)
 Metaspace       used 127065K, committed 127936K, reserved 1163264K
  class space    used 16792K, committed 17216K, reserved 1048576K
}
Event: 29.630 GC heap after
{Heap after GC invocations=55 (full 0):
 garbage-first heap   total 348160K, used 221496K [0x0000000080000000, 0x0000000100000000)
  region size 1024K, 8 young (8192K), 8 survivors (8192K)
 Metaspace       used 127065K, committed 127936K, reserved 1163264K
  class space    used 16792K, committed 17216K, reserved 1048576K
}
Event: 29.682 GC heap before
{Heap before GC invocations=55 (full 0):
 garbage-first heap   total 348160K, used 230712K [0x0000000080000000, 0x0000000100000000)
  region size 1024K, 17 young (17408K), 8 survivors (8192K)
 Metaspace       used 127118K, committed 127936K, reserved 1163264K
  class space    used 16793K, committed 17216K, reserved 1048576K
}
Event: 29.697 GC heap after
{Heap after GC invocations=56 (full 0):
 garbage-first heap   total 348160K, used 195183K [0x0000000080000000, 0x0000000100000000)
  region size 1024K, 3 young (3072K), 3 survivors (3072K)
 Metaspace       used 127118K, committed 127936K, reserved 1163264K
  class space    used 16793K, committed 17216K, reserved 1048576K
}
Event: 29.843 GC heap before
{Heap before GC invocations=56 (full 0):
 garbage-first heap   total 348160K, used 256623K [0x0000000080000000, 0x0000000100000000)
  region size 1024K, 64 young (65536K), 3 survivors (3072K)
 Metaspace       used 127281K, committed 128128K, reserved 1163264K
  class space    used 16793K, committed 17216K, reserved 1048576K
}
Event: 29.866 GC heap after
{Heap after GC invocations=57 (full 0):
 garbage-first heap   total 348160K, used 226583K [0x0000000080000000, 0x0000000100000000)
  region size 1024K, 8 young (8192K), 8 survivors (8192K)
 Metaspace       used 127281K, committed 128128K, reserved 1163264K
  class space    used 16793K, committed 17216K, reserved 1048576K
}
Event: 30.317 GC heap before
{Heap before GC invocations=58 (full 0):
 garbage-first heap   total 419840K, used 269591K [0x0000000080000000, 0x0000000100000000)
  region size 1024K, 50 young (51200K), 8 survivors (8192K)
 Metaspace       used 130076K, committed 130880K, reserved 1163264K
  class space    used 17191K, committed 17600K, reserved 1048576K
}
Event: 30.332 GC heap after
{Heap after GC invocations=59 (full 0):
 garbage-first heap   total 419840K, used 241152K [0x0000000080000000, 0x0000000100000000)
  region size 1024K, 7 young (7168K), 7 survivors (7168K)
 Metaspace       used 130076K, committed 130880K, reserved 1163264K
  class space    used 17191K, committed 17600K, reserved 1048576K
}
Event: 30.549 GC heap before
{Heap before GC invocations=59 (full 0):
 garbage-first heap   total 419840K, used 254464K [0x0000000080000000, 0x0000000100000000)
  region size 1024K, 20 young (20480K), 7 survivors (7168K)
 Metaspace       used 131004K, committed 131904K, reserved 1163264K
  class space    used 17339K, committed 17792K, reserved 1048576K
}
Event: 30.561 GC heap after
{Heap after GC invocations=60 (full 0):
 garbage-first heap   total 419840K, used 240206K [0x0000000080000000, 0x0000000100000000)
  region size 1024K, 2 young (2048K), 2 survivors (2048K)
 Metaspace       used 131004K, committed 131904K, reserved 1163264K
  class space    used 17339K, committed 17792K, reserved 1048576K
}
Event: 31.127 GC heap before
{Heap before GC invocations=60 (full 0):
 garbage-first heap   total 419840K, used 309838K [0x0000000080000000, 0x0000000100000000)
  region size 1024K, 70 young (71680K), 2 survivors (2048K)
 Metaspace       used 131902K, committed 132800K, reserved 1171456K
  class space    used 17449K, committed 17920K, reserved 1048576K
}

