# JRE version: OpenJDK Runtime Environment (17.0.6) (build 17.0.6+0-b2043.56-10027231)
# Java VM: OpenJDK 64-Bit Server VM (17.0.6+0-b2043.56-10027231, mixed mode, tiered, compressed oops, compressed class ptrs, g1 gc, windows-amd64)
GC Precious Log:
 CPUs: 8 total, 8 available
 Memory: 7502M
 Large Page Support: Disabled
 NUMA Support: Disabled
 Compressed Oops: Enabled (32-bit)
 Heap Region Size: 1M
 Heap Min Capacity: 8M
 Heap Initial Capacity: 118M
 Heap Max Capacity: 2G
 Pre-touch: Disabled
 Parallel Workers: 8
 Concurrent Workers: 2
 Concurrent Refinement Workers: 8
 Periodic GC: Disabled
Heap:
 garbage-first heap   total 358400K, used 240640K [0x0000000080000000, 0x0000000100000000)
  region size 1024K, 9 young (9216K), 9 survivors (9216K)
 Metaspace       used 131171K, committed 131968K, reserved 1163264K
  class space    used 17534K, committed 17920K, reserved 1048576K
GC Heap History (20 events):
Event: 21.992 GC heap after
{Heap after GC invocations=51 (full 0):
 garbage-first heap   total 235520K, used 161090K [0x0000000080000000, 0x0000000100000000)
  region size 1024K, 3 young (3072K), 3 survivors (3072K)
 Metaspace       used 115620K, committed 116352K, reserved 1155072K
  class space    used 15353K, committed 15680K, reserved 1048576K
}
Event: 22.166 GC heap before
{Heap before GC invocations=51 (full 0):
 garbage-first heap   total 235520K, used 194882K [0x0000000080000000, 0x0000000100000000)
  region size 1024K, 37 young (37888K), 3 survivors (3072K)
 Metaspace       used 116827K, committed 117632K, reserved 1155072K
  class space    used 15465K, committed 15872K, reserved 1048576K
}
Event: 22.173 GC heap after
{Heap after GC invocations=52 (full 0):
 garbage-first heap   total 282624K, used 166819K [0x0000000080000000, 0x0000000100000000)
  region size 1024K, 5 young (5120K), 5 survivors (5120K)
 Metaspace       used 116827K, committed 117632K, reserved 1155072K
  class space    used 15465K, committed 15872K, reserved 1048576K
}
Event: 22.874 GC heap before
{Heap before GC invocations=52 (full 0):
 garbage-first heap   total 282624K, used 225187K [0x0000000080000000, 0x0000000100000000)
  region size 1024K, 63 young (64512K), 5 survivors (5120K)
 Metaspace       used 118143K, committed 118976K, reserved 1155072K
  class space    used 15602K, committed 16000K, reserved 1048576K
}
Event: 22.878 GC heap after
{Heap after GC invocations=53 (full 0):
 garbage-first heap   total 282624K, used 166877K [0x0000000080000000, 0x0000000100000000)
  region size 1024K, 4 young (4096K), 4 survivors (4096K)
 Metaspace       used 118143K, committed 118976K, reserved 1155072K
  class space    used 15602K, committed 16000K, reserved 1048576K
}
Event: 23.870 GC heap before
{Heap before GC invocations=53 (full 0):
 garbage-first heap   total 282624K, used 232413K [0x0000000080000000, 0x0000000100000000)
  region size 1024K, 68 young (69632K), 4 survivors (4096K)
 Metaspace       used 120536K, committed 121408K, reserved 1155072K
  class space    used 15879K, committed 16320K, reserved 1048576K
}
Event: 23.879 GC heap after
{Heap after GC invocations=54 (full 0):
 garbage-first heap   total 282624K, used 173471K [0x0000000080000000, 0x0000000100000000)
  region size 1024K, 9 young (9216K), 9 survivors (9216K)
 Metaspace       used 120536K, committed 121408K, reserved 1155072K
  class space    used 15879K, committed 16320K, reserved 1048576K
}
Event: 24.536 GC heap before
{Heap before GC invocations=54 (full 0):
 garbage-first heap   total 282624K, used 231838K [0x0000000080000000, 0x0000000100000000)
  region size 1024K, 67 young (68608K), 9 survivors (9216K)
 Metaspace       used 121286K, committed 122112K, reserved 1155072K
  class space    used 15971K, committed 16384K, reserved 1048576K
}
Event: 24.548 GC heap after
{Heap after GC invocations=55 (full 0):
 garbage-first heap   total 282624K, used 177765K [0x0000000080000000, 0x0000000100000000)
  region size 1024K, 6 young (6144K), 6 survivors (6144K)
 Metaspace       used 121286K, committed 122112K, reserved 1155072K
  class space    used 15971K, committed 16384K, reserved 1048576K
}
Event: 25.098 GC heap before
{Heap before GC invocations=55 (full 0):
 garbage-first heap   total 282624K, used 233060K [0x0000000080000000, 0x0000000100000000)
  region size 1024K, 61 young (62464K), 6 survivors (6144K)
 Metaspace       used 121591K, committed 122432K, reserved 1163264K
  class space    used 16012K, committed 16448K, reserved 1048576K
}
Event: 25.106 GC heap after
{Heap after GC invocations=56 (full 0):
 garbage-first heap   total 282624K, used 180515K [0x0000000080000000, 0x0000000100000000)
  region size 1024K, 5 young (5120K), 5 survivors (5120K)
 Metaspace       used 121591K, committed 122432K, reserved 1163264K
  class space    used 16012K, committed 16448K, reserved 1048576K
}
Event: 25.640 GC heap before
{Heap before GC invocations=56 (full 0):
 garbage-first heap   total 282624K, used 231715K [0x0000000080000000, 0x0000000100000000)
  region size 1024K, 34 young (34816K), 5 survivors (5120K)
 Metaspace       used 125195K, committed 126016K, reserved 1163264K
  class space    used 16528K, committed 16960K, reserved 1048576K
}
Event: 25.646 GC heap after
{Heap after GC invocations=57 (full 0):
 garbage-first heap   total 282624K, used 207668K [0x0000000080000000, 0x0000000100000000)
  region size 1024K, 8 young (8192K), 8 survivors (8192K)
 Metaspace       used 125195K, committed 126016K, reserved 1163264K
  class space    used 16528K, committed 16960K, reserved 1048576K
}
Event: 25.923 GC heap before
{Heap before GC invocations=58 (full 0):
 garbage-first heap   total 358400K, used 233268K [0x0000000080000000, 0x0000000100000000)
  region size 1024K, 38 young (38912K), 8 survivors (8192K)
 Metaspace       used 125506K, committed 126400K, reserved 1163264K
  class space    used 16571K, committed 17024K, reserved 1048576K
}
Event: 25.935 GC heap after
{Heap after GC invocations=59 (full 0):
 garbage-first heap   total 358400K, used 201672K [0x0000000080000000, 0x0000000100000000)
  region size 1024K, 5 young (5120K), 5 survivors (5120K)
 Metaspace       used 125506K, committed 126400K, reserved 1163264K
  class space    used 16571K, committed 17024K, reserved 1048576K
}
Event: 25.995 GC heap before
{Heap before GC invocations=59 (full 0):
 garbage-first heap   total 358400K, used 214984K [0x0000000080000000, 0x0000000100000000)
  region size 1024K, 17 young (17408K), 5 survivors (5120K)
 Metaspace       used 125506K, committed 126400K, reserved 1163264K
  class space    used 16571K, committed 17024K, reserved 1048576K
}
Event: 26.004 GC heap after
{Heap after GC invocations=60 (full 0):
 garbage-first heap   total 358400K, used 178977K [0x0000000080000000, 0x0000000100000000)
  region size 1024K, 3 young (3072K), 3 survivors (3072K)
 Metaspace       used 125506K, committed 126400K, reserved 1163264K
  class space    used 16571K, committed 17024K, reserved 1048576K
}
Event: 26.492 GC heap before
{Heap before GC invocations=60 (full 0):
 garbage-first heap   total 358400K, used 277281K [0x0000000080000000, 0x0000000100000000)
  region size 1024K, 99 young (101376K), 3 survivors (3072K)
 Metaspace       used 128145K, committed 129024K, reserved 1163264K
  class space    used 17119K, committed 17536K, reserved 1048576K
}
Event: 26.546 GC heap after
{Heap after GC invocations=61 (full 0):
 garbage-first heap   total 358400K, used 224077K [0x0000000080000000, 0x0000000100000000)
  region size 1024K, 13 young (13312K), 13 survivors (13312K)
 Metaspace       used 128145K, committed 129024K, reserved 1163264K
  class space    used 17119K, committed 17536K, reserved 1048576K
}
Event: 27.173 GC heap before
{Heap before GC invocations=61 (full 0):
 garbage-first heap   total 358400K, used 277325K [0x0000000080000000, 0x0000000100000000)
  region size 1024K, 65 young (66560K), 13 survivors (13312K)
 Metaspace       used 131171K, committed 131968K, reserved 1163264K
  class space    used 17534K, committed 17920K, reserved 1048576K
}

