# JRE version: OpenJDK Runtime Environment (17.0.6) (build 17.0.6+0-b2043.56-10027231)
# Java VM: OpenJDK 64-Bit Server VM (17.0.6+0-b2043.56-10027231, mixed mode, tiered, compressed oops, compressed class ptrs, g1 gc, windows-amd64)
GC Precious Log:
 CPUs: 8 total, 8 available
 Memory: 7502M
 Large Page Support: Disabled
 NUMA Support: Disabled
 Compressed Oops: Enabled (32-bit)
 Heap Region Size: 1M
 Heap Min Capacity: 8M
 Heap Initial Capacity: 118M
 Heap Max Capacity: 2G
 Pre-touch: Disabled
 Parallel Workers: 8
 Concurrent Workers: 2
 Concurrent Refinement Workers: 8
 Periodic GC: Disabled
Heap:
 garbage-first heap   total 230400K, used 135018K [0x0000000080000000, 0x0000000100000000)
  region size 1024K, 5 young (5120K), 5 survivors (5120K)
 Metaspace       used 93929K, committed 94656K, reserved 1138688K
  class space    used 12689K, committed 12992K, reserved 1048576K
GC Heap History (20 events):
Event: 17.949 GC heap after
{Heap after GC invocations=43 (full 0):
 garbage-first heap   total 163840K, used 90769K [0x0000000080000000, 0x0000000100000000)
  region size 1024K, 2 young (2048K), 2 survivors (2048K)
 Metaspace       used 83276K, committed 84032K, reserved 1122304K
  class space    used 11151K, committed 11520K, reserved 1048576K
}
Event: 18.955 GC heap before
{Heap before GC invocations=43 (full 0):
 garbage-first heap   total 163840K, used 132753K [0x0000000080000000, 0x0000000100000000)
  region size 1024K, 43 young (44032K), 2 survivors (2048K)
 Metaspace       used 87814K, committed 88512K, reserved 1130496K
  class space    used 11895K, committed 12224K, reserved 1048576K
}
Event: 18.963 GC heap after
{Heap after GC invocations=44 (full 0):
 garbage-first heap   total 163840K, used 93695K [0x0000000080000000, 0x0000000100000000)
  region size 1024K, 5 young (5120K), 5 survivors (5120K)
 Metaspace       used 87814K, committed 88512K, reserved 1130496K
  class space    used 11895K, committed 12224K, reserved 1048576K
}
Event: 19.594 GC heap before
{Heap before GC invocations=44 (full 0):
 garbage-first heap   total 163840K, used 119295K [0x0000000080000000, 0x0000000100000000)
  region size 1024K, 32 young (32768K), 5 survivors (5120K)
 Metaspace       used 90551K, committed 91264K, reserved 1130496K
  class space    used 12256K, committed 12608K, reserved 1048576K
}
Event: 19.605 GC heap after
{Heap after GC invocations=45 (full 0):
 garbage-first heap   total 163840K, used 97761K [0x0000000080000000, 0x0000000100000000)
  region size 1024K, 6 young (6144K), 6 survivors (6144K)
 Metaspace       used 90551K, committed 91264K, reserved 1130496K
  class space    used 12256K, committed 12608K, reserved 1048576K
}
Event: 20.412 GC heap before
{Heap before GC invocations=46 (full 0):
 garbage-first heap   total 171008K, used 146913K [0x0000000080000000, 0x0000000100000000)
  region size 1024K, 41 young (41984K), 6 survivors (6144K)
 Metaspace       used 93899K, committed 94592K, reserved 1138688K
  class space    used 12688K, committed 12992K, reserved 1048576K
}
Event: 20.426 GC heap after
{Heap after GC invocations=47 (full 0):
 garbage-first heap   total 171008K, used 116515K [0x0000000080000000, 0x0000000100000000)
  region size 1024K, 6 young (6144K), 6 survivors (6144K)
 Metaspace       used 93899K, committed 94592K, reserved 1138688K
  class space    used 12688K, committed 12992K, reserved 1048576K
}
Event: 20.437 GC heap before
{Heap before GC invocations=47 (full 0):
 garbage-first heap   total 171008K, used 118563K [0x0000000080000000, 0x0000000100000000)
  region size 1024K, 8 young (8192K), 6 survivors (6144K)
 Metaspace       used 93899K, committed 94592K, reserved 1138688K
  class space    used 12688K, committed 12992K, reserved 1048576K
}
Event: 20.444 GC heap after
{Heap after GC invocations=48 (full 0):
 garbage-first heap   total 205824K, used 117502K [0x0000000080000000, 0x0000000100000000)
  region size 1024K, 1 young (1024K), 1 survivors (1024K)
 Metaspace       used 93899K, committed 94592K, reserved 1138688K
  class space    used 12688K, committed 12992K, reserved 1048576K
}
Event: 21.138 GC heap before
{Heap before GC invocations=48 (full 0):
 garbage-first heap   total 205824K, used 164606K [0x0000000080000000, 0x0000000100000000)
  region size 1024K, 47 young (48128K), 1 survivors (1024K)
 Metaspace       used 93919K, committed 94656K, reserved 1138688K
  class space    used 12688K, committed 12992K, reserved 1048576K
}
Event: 21.151 GC heap after
{Heap after GC invocations=49 (full 0):
 garbage-first heap   total 205824K, used 133757K [0x0000000080000000, 0x0000000100000000)
  region size 1024K, 6 young (6144K), 6 survivors (6144K)
 Metaspace       used 93919K, committed 94656K, reserved 1138688K
  class space    used 12688K, committed 12992K, reserved 1048576K
}
Event: 21.971 GC heap before
{Heap before GC invocations=49 (full 0):
 garbage-first heap   total 205824K, used 164477K [0x0000000080000000, 0x0000000100000000)
  region size 1024K, 36 young (36864K), 6 survivors (6144K)
 Metaspace       used 93927K, committed 94656K, reserved 1138688K
  class space    used 12689K, committed 12992K, reserved 1048576K
}
Event: 21.980 GC heap after
{Heap after GC invocations=50 (full 0):
 garbage-first heap   total 205824K, used 136107K [0x0000000080000000, 0x0000000100000000)
  region size 1024K, 4 young (4096K), 4 survivors (4096K)
 Metaspace       used 93927K, committed 94656K, reserved 1138688K
  class space    used 12689K, committed 12992K, reserved 1048576K
}
Event: 22.486 GC heap before
{Heap before GC invocations=50 (full 0):
 garbage-first heap   total 205824K, used 165803K [0x0000000080000000, 0x0000000100000000)
  region size 1024K, 33 young (33792K), 4 survivors (4096K)
 Metaspace       used 93927K, committed 94656K, reserved 1138688K
  class space    used 12689K, committed 12992K, reserved 1048576K
}
Event: 22.490 GC heap after
{Heap after GC invocations=51 (full 0):
 garbage-first heap   total 205824K, used 137347K [0x0000000080000000, 0x0000000100000000)
  region size 1024K, 4 young (4096K), 4 survivors (4096K)
 Metaspace       used 93927K, committed 94656K, reserved 1138688K
  class space    used 12689K, committed 12992K, reserved 1048576K
}
Event: 23.034 GC heap before
{Heap before GC invocations=52 (full 0):
 garbage-first heap   total 230400K, used 163971K [0x0000000080000000, 0x0000000100000000)
  region size 1024K, 34 young (34816K), 4 survivors (4096K)
 Metaspace       used 93927K, committed 94656K, reserved 1138688K
  class space    used 12689K, committed 12992K, reserved 1048576K
}
Event: 23.041 GC heap after
{Heap after GC invocations=53 (full 0):
 garbage-first heap   total 230400K, used 134148K [0x0000000080000000, 0x0000000100000000)
  region size 1024K, 4 young (4096K), 4 survivors (4096K)
 Metaspace       used 93927K, committed 94656K, reserved 1138688K
  class space    used 12689K, committed 12992K, reserved 1048576K
}
Event: 23.139 GC heap before
{Heap before GC invocations=53 (full 0):
 garbage-first heap   total 230400K, used 141316K [0x0000000080000000, 0x0000000100000000)
  region size 1024K, 11 young (11264K), 4 survivors (4096K)
 Metaspace       used 93927K, committed 94656K, reserved 1138688K
  class space    used 12689K, committed 12992K, reserved 1048576K
}
Event: 23.149 GC heap after
{Heap after GC invocations=54 (full 0):
 garbage-first heap   total 230400K, used 132878K [0x0000000080000000, 0x0000000100000000)
  region size 1024K, 2 young (2048K), 2 survivors (2048K)
 Metaspace       used 93927K, committed 94656K, reserved 1138688K
  class space    used 12689K, committed 12992K, reserved 1048576K
}
Event: 24.644 GC heap before
{Heap before GC invocations=54 (full 0):
 garbage-first heap   total 230400K, used 184078K [0x0000000080000000, 0x0000000100000000)
  region size 1024K, 52 young (53248K), 2 survivors (2048K)
 Metaspace       used 93929K, committed 94656K, reserved 1138688K
  class space    used 12689K, committed 12992K, reserved 1048576K
}

