# JRE version: OpenJDK Runtime Environment (17.0.6) (build 17.0.6+0-b2043.56-10027231)
# Java VM: OpenJDK 64-Bit Server VM (17.0.6+0-b2043.56-10027231, mixed mode, tiered, compressed oops, compressed class ptrs, g1 gc, windows-amd64)
GC Precious Log:
 CPUs: 8 total, 8 available
 Memory: 7502M
 Large Page Support: Disabled
 NUMA Support: Disabled
 Compressed Oops: Enabled (32-bit)
 Heap Region Size: 1M
 Heap Min Capacity: 8M
 Heap Initial Capacity: 118M
 Heap Max Capacity: 2G
 Pre-touch: Disabled
 Parallel Workers: 8
 Concurrent Workers: 2
 Concurrent Refinement Workers: 8
 Periodic GC: Disabled
Heap:
 garbage-first heap   total 208896K, used 136904K [0x0000000080000000, 0x0000000100000000)
  region size 1024K, 6 young (6144K), 6 survivors (6144K)
 Metaspace       used 93442K, committed 94208K, reserved 1130496K
  class space    used 12802K, committed 13120K, reserved 1048576K
GC Heap History (20 events):
Event: 17.512 GC heap after
{Heap after GC invocations=46 (full 0):
 garbage-first heap   total 157696K, used 94522K [0x0000000080000000, 0x0000000100000000)
  region size 1024K, 3 young (3072K), 3 survivors (3072K)
 Metaspace       used 71854K, committed 72640K, reserved 1114112K
  class space    used 10021K, committed 10368K, reserved 1048576K
}
Event: 18.030 GC heap before
{Heap before GC invocations=47 (full 0):
 garbage-first heap   total 181248K, used 126266K [0x0000000080000000, 0x0000000100000000)
  region size 1024K, 28 young (28672K), 3 survivors (3072K)
 Metaspace       used 73385K, committed 74112K, reserved 1114112K
  class space    used 10234K, committed 10560K, reserved 1048576K
}
Event: 18.037 GC heap after
{Heap after GC invocations=48 (full 0):
 garbage-first heap   total 181248K, used 97118K [0x0000000080000000, 0x0000000100000000)
  region size 1024K, 4 young (4096K), 4 survivors (4096K)
 Metaspace       used 73385K, committed 74112K, reserved 1114112K
  class space    used 10234K, committed 10560K, reserved 1048576K
}
Event: 18.917 GC heap before
{Heap before GC invocations=48 (full 0):
 garbage-first heap   total 181248K, used 135006K [0x0000000080000000, 0x0000000100000000)
  region size 1024K, 41 young (41984K), 4 survivors (4096K)
 Metaspace       used 77067K, committed 77760K, reserved 1122304K
  class space    used 10718K, committed 11008K, reserved 1048576K
}
Event: 18.927 GC heap after
{Heap after GC invocations=49 (full 0):
 garbage-first heap   total 181248K, used 99401K [0x0000000080000000, 0x0000000100000000)
  region size 1024K, 3 young (3072K), 3 survivors (3072K)
 Metaspace       used 77067K, committed 77760K, reserved 1122304K
  class space    used 10718K, committed 11008K, reserved 1048576K
}
Event: 20.005 GC heap before
{Heap before GC invocations=50 (full 0):
 garbage-first heap   total 181248K, used 137289K [0x0000000080000000, 0x0000000100000000)
  region size 1024K, 40 young (40960K), 3 survivors (3072K)
 Metaspace       used 81770K, committed 82496K, reserved 1122304K
  class space    used 11336K, committed 11648K, reserved 1048576K
}
Event: 20.013 GC heap after
{Heap after GC invocations=51 (full 0):
 garbage-first heap   total 181248K, used 101812K [0x0000000080000000, 0x0000000100000000)
  region size 1024K, 5 young (5120K), 5 survivors (5120K)
 Metaspace       used 81770K, committed 82496K, reserved 1122304K
  class space    used 11336K, committed 11648K, reserved 1048576K
}
Event: 21.079 GC heap before
{Heap before GC invocations=51 (full 0):
 garbage-first heap   total 181248K, used 140724K [0x0000000080000000, 0x0000000100000000)
  region size 1024K, 43 young (44032K), 5 survivors (5120K)
 Metaspace       used 84076K, committed 84736K, reserved 1122304K
  class space    used 11653K, committed 11968K, reserved 1048576K
}
Event: 21.088 GC heap after
{Heap after GC invocations=52 (full 0):
 garbage-first heap   total 181248K, used 105859K [0x0000000080000000, 0x0000000100000000)
  region size 1024K, 6 young (6144K), 6 survivors (6144K)
 Metaspace       used 84076K, committed 84736K, reserved 1122304K
  class space    used 11653K, committed 11968K, reserved 1048576K
}
Event: 22.145 GC heap before
{Heap before GC invocations=53 (full 0):
 garbage-first heap   total 181248K, used 147843K [0x0000000080000000, 0x0000000100000000)
  region size 1024K, 43 young (44032K), 6 survivors (6144K)
 Metaspace       used 89960K, committed 90688K, reserved 1130496K
  class space    used 12342K, committed 12672K, reserved 1048576K
}
Event: 22.154 GC heap after
{Heap after GC invocations=54 (full 0):
 garbage-first heap   total 181248K, used 111848K [0x0000000080000000, 0x0000000100000000)
  region size 1024K, 2 young (2048K), 2 survivors (2048K)
 Metaspace       used 89960K, committed 90688K, reserved 1130496K
  class space    used 12342K, committed 12672K, reserved 1048576K
}
Event: 22.332 GC heap before
{Heap before GC invocations=54 (full 0):
 garbage-first heap   total 181248K, used 117992K [0x0000000080000000, 0x0000000100000000)
  region size 1024K, 8 young (8192K), 2 survivors (2048K)
 Metaspace       used 90835K, committed 91520K, reserved 1130496K
  class space    used 12489K, committed 12800K, reserved 1048576K
}
Event: 22.336 GC heap after
{Heap after GC invocations=55 (full 0):
 garbage-first heap   total 181248K, used 111258K [0x0000000080000000, 0x0000000100000000)
  region size 1024K, 1 young (1024K), 1 survivors (1024K)
 Metaspace       used 90835K, committed 91520K, reserved 1130496K
  class space    used 12489K, committed 12800K, reserved 1048576K
}
Event: 22.744 GC heap before
{Heap before GC invocations=55 (full 0):
 garbage-first heap   total 181248K, used 122522K [0x0000000080000000, 0x0000000100000000)
  region size 1024K, 13 young (13312K), 1 survivors (1024K)
 Metaspace       used 93156K, committed 93888K, reserved 1130496K
  class space    used 12774K, committed 13120K, reserved 1048576K
}
Event: 22.749 GC heap after
{Heap after GC invocations=56 (full 0):
 garbage-first heap   total 181248K, used 111260K [0x0000000080000000, 0x0000000100000000)
  region size 1024K, 1 young (1024K), 1 survivors (1024K)
 Metaspace       used 93156K, committed 93888K, reserved 1130496K
  class space    used 12774K, committed 13120K, reserved 1048576K
}
Event: 23.242 GC heap before
{Heap before GC invocations=57 (full 0):
 garbage-first heap   total 208896K, used 154268K [0x0000000080000000, 0x0000000100000000)
  region size 1024K, 38 young (38912K), 1 survivors (1024K)
 Metaspace       used 93331K, committed 94080K, reserved 1130496K
  class space    used 12782K, committed 13120K, reserved 1048576K
}
Event: 23.257 GC heap after
{Heap after GC invocations=58 (full 0):
 garbage-first heap   total 208896K, used 122624K [0x0000000080000000, 0x0000000100000000)
  region size 1024K, 5 young (5120K), 5 survivors (5120K)
 Metaspace       used 93331K, committed 94080K, reserved 1130496K
  class space    used 12782K, committed 13120K, reserved 1048576K
}
Event: 23.324 GC heap before
{Heap before GC invocations=58 (full 0):
 garbage-first heap   total 208896K, used 127744K [0x0000000080000000, 0x0000000100000000)
  region size 1024K, 10 young (10240K), 5 survivors (5120K)
 Metaspace       used 93335K, committed 94144K, reserved 1130496K
  class space    used 12783K, committed 13120K, reserved 1048576K
}
Event: 23.334 GC heap after
{Heap after GC invocations=59 (full 0):
 garbage-first heap   total 208896K, used 124125K [0x0000000080000000, 0x0000000100000000)
  region size 1024K, 2 young (2048K), 2 survivors (2048K)
 Metaspace       used 93335K, committed 94144K, reserved 1130496K
  class space    used 12783K, committed 13120K, reserved 1048576K
}
Event: 23.830 GC heap before
{Heap before GC invocations=59 (full 0):
 garbage-first heap   total 208896K, used 166109K [0x0000000080000000, 0x0000000100000000)
  region size 1024K, 43 young (44032K), 2 survivors (2048K)
 Metaspace       used 93442K, committed 94208K, reserved 1130496K
  class space    used 12802K, committed 13120K, reserved 1048576K
}

