# JRE version: OpenJDK Runtime Environment (17.0.6) (build 17.0.6+0-b2043.56-10027231)
# Java VM: OpenJDK 64-Bit Server VM (17.0.6+0-b2043.56-10027231, mixed mode, tiered, compressed oops, compressed class ptrs, g1 gc, windows-amd64)
GC Precious Log:
 CPUs: 8 total, 8 available
 Memory: 7502M
 Large Page Support: Disabled
 NUMA Support: Disabled
 Compressed Oops: Enabled (32-bit)
 Heap Region Size: 1M
 Heap Min Capacity: 8M
 Heap Initial Capacity: 118M
 Heap Max Capacity: 2G
 Pre-touch: Disabled
 Parallel Workers: 8
 Concurrent Workers: 2
 Concurrent Refinement Workers: 8
 Periodic GC: Disabled
Heap:
 garbage-first heap   total 223232K, used 129958K [0x0000000080000000, 0x0000000100000000)
  region size 1024K, 40 young (40960K), 6 survivors (6144K)
 Metaspace       used 97507K, committed 98240K, reserved 1138688K
  class space    used 13078K, committed 13440K, reserved 1048576K
GC Heap History (20 events):
Event: 13.217 GC heap before
{Heap before GC invocations=34 (full 0):
 garbage-first heap   total 109568K, used 79872K [0x0000000080000000, 0x0000000100000000)
  region size 1024K, 5 young (5120K), 3 survivors (3072K)
 Metaspace       used 64555K, committed 65152K, reserved 1105920K
  class space    used 8599K, committed 8896K, reserved 1048576K
}
Event: 13.221 GC heap after
{Heap after GC invocations=35 (full 0):
 garbage-first heap   total 109568K, used 77403K [0x0000000080000000, 0x0000000100000000)
  region size 1024K, 1 young (1024K), 1 survivors (1024K)
 Metaspace       used 64555K, committed 65152K, reserved 1105920K
  class space    used 8599K, committed 8896K, reserved 1048576K
}
Event: 13.602 GC heap before
{Heap before GC invocations=35 (full 0):
 garbage-first heap   total 109568K, used 87643K [0x0000000080000000, 0x0000000100000000)
  region size 1024K, 12 young (12288K), 1 survivors (1024K)
 Metaspace       used 66004K, committed 66624K, reserved 1114112K
  class space    used 8815K, committed 9088K, reserved 1048576K
}
Event: 13.605 GC heap after
{Heap after GC invocations=36 (full 0):
 garbage-first heap   total 109568K, used 77758K [0x0000000080000000, 0x0000000100000000)
  region size 1024K, 1 young (1024K), 1 survivors (1024K)
 Metaspace       used 66004K, committed 66624K, reserved 1114112K
  class space    used 8815K, committed 9088K, reserved 1048576K
}
Event: 13.982 GC heap before
{Heap before GC invocations=37 (full 0):
 garbage-first heap   total 133120K, used 90046K [0x0000000080000000, 0x0000000100000000)
  region size 1024K, 13 young (13312K), 1 survivors (1024K)
 Metaspace       used 68344K, committed 68992K, reserved 1114112K
  class space    used 9072K, committed 9344K, reserved 1048576K
}
Event: 13.984 GC heap after
{Heap after GC invocations=38 (full 0):
 garbage-first heap   total 133120K, used 78105K [0x0000000080000000, 0x0000000100000000)
  region size 1024K, 1 young (1024K), 1 survivors (1024K)
 Metaspace       used 68344K, committed 68992K, reserved 1114112K
  class space    used 9072K, committed 9344K, reserved 1048576K
}
Event: 14.115 GC heap before
{Heap before GC invocations=38 (full 0):
 garbage-first heap   total 133120K, used 83225K [0x0000000080000000, 0x0000000100000000)
  region size 1024K, 6 young (6144K), 1 survivors (1024K)
 Metaspace       used 69137K, committed 69824K, reserved 1114112K
  class space    used 9141K, committed 9472K, reserved 1048576K
}
Event: 14.118 GC heap after
{Heap after GC invocations=39 (full 0):
 garbage-first heap   total 133120K, used 77701K [0x0000000080000000, 0x0000000100000000)
  region size 1024K, 1 young (1024K), 1 survivors (1024K)
 Metaspace       used 69137K, committed 69824K, reserved 1114112K
  class space    used 9141K, committed 9472K, reserved 1048576K
}
Event: 14.696 GC heap before
{Heap before GC invocations=39 (full 0):
 garbage-first heap   total 133120K, used 102277K [0x0000000080000000, 0x0000000100000000)
  region size 1024K, 26 young (26624K), 1 survivors (1024K)
 Metaspace       used 73194K, committed 73856K, reserved 1114112K
  class space    used 9695K, committed 9984K, reserved 1048576K
}
Event: 14.702 GC heap after
{Heap after GC invocations=40 (full 0):
 garbage-first heap   total 133120K, used 79980K [0x0000000080000000, 0x0000000100000000)
  region size 1024K, 3 young (3072K), 3 survivors (3072K)
 Metaspace       used 73194K, committed 73856K, reserved 1114112K
  class space    used 9695K, committed 9984K, reserved 1048576K
}
Event: 15.000 GC heap before
{Heap before GC invocations=41 (full 0):
 garbage-first heap   total 138240K, used 111724K [0x0000000080000000, 0x0000000100000000)
  region size 1024K, 28 young (28672K), 3 survivors (3072K)
 Metaspace       used 74636K, committed 75264K, reserved 1122304K
  class space    used 9889K, committed 10176K, reserved 1048576K
}
Event: 15.005 GC heap after
{Heap after GC invocations=42 (full 0):
 garbage-first heap   total 138240K, used 82518K [0x0000000080000000, 0x0000000100000000)
  region size 1024K, 4 young (4096K), 4 survivors (4096K)
 Metaspace       used 74636K, committed 75264K, reserved 1122304K
  class space    used 9889K, committed 10176K, reserved 1048576K
}
Event: 15.036 GC heap before
{Heap before GC invocations=42 (full 0):
 garbage-first heap   total 138240K, used 84566K [0x0000000080000000, 0x0000000100000000)
  region size 1024K, 6 young (6144K), 4 survivors (4096K)
 Metaspace       used 74824K, committed 75456K, reserved 1122304K
  class space    used 9921K, committed 10240K, reserved 1048576K
}
Event: 15.041 GC heap after
{Heap after GC invocations=43 (full 0):
 garbage-first heap   total 138240K, used 82631K [0x0000000080000000, 0x0000000100000000)
  region size 1024K, 1 young (1024K), 1 survivors (1024K)
 Metaspace       used 74824K, committed 75456K, reserved 1122304K
  class space    used 9921K, committed 10240K, reserved 1048576K
}
Event: 15.458 GC heap before
{Heap before GC invocations=43 (full 0):
 garbage-first heap   total 138240K, used 109255K [0x0000000080000000, 0x0000000100000000)
  region size 1024K, 27 young (27648K), 1 survivors (1024K)
 Metaspace       used 77535K, committed 78208K, reserved 1122304K
  class space    used 10267K, committed 10560K, reserved 1048576K
}
Event: 15.461 GC heap after
{Heap after GC invocations=44 (full 0):
 garbage-first heap   total 223232K, used 83963K [0x0000000080000000, 0x0000000100000000)
  region size 1024K, 2 young (2048K), 2 survivors (2048K)
 Metaspace       used 77535K, committed 78208K, reserved 1122304K
  class space    used 10267K, committed 10560K, reserved 1048576K
}
Event: 16.790 GC heap before
{Heap before GC invocations=44 (full 0):
 garbage-first heap   total 223232K, used 162811K [0x0000000080000000, 0x0000000100000000)
  region size 1024K, 80 young (81920K), 2 survivors (2048K)
 Metaspace       used 84539K, committed 85184K, reserved 1130496K
  class space    used 11189K, committed 11520K, reserved 1048576K
}
Event: 16.799 GC heap after
{Heap after GC invocations=45 (full 0):
 garbage-first heap   total 223232K, used 91128K [0x0000000080000000, 0x0000000100000000)
  region size 1024K, 9 young (9216K), 9 survivors (9216K)
 Metaspace       used 84539K, committed 85184K, reserved 1130496K
  class space    used 11189K, committed 11520K, reserved 1048576K
}
Event: 18.167 GC heap before
{Heap before GC invocations=45 (full 0):
 garbage-first heap   total 223232K, used 173048K [0x0000000080000000, 0x0000000100000000)
  region size 1024K, 88 young (90112K), 9 survivors (9216K)
 Metaspace       used 93426K, committed 94144K, reserved 1130496K
  class space    used 12624K, committed 12928K, reserved 1048576K
}
Event: 18.178 GC heap after
{Heap after GC invocations=46 (full 0):
 garbage-first heap   total 223232K, used 96166K [0x0000000080000000, 0x0000000100000000)
  region size 1024K, 6 young (6144K), 6 survivors (6144K)
 Metaspace       used 93426K, committed 94144K, reserved 1130496K
  class space    used 12624K, committed 12928K, reserved 1048576K
}

