# JRE version: OpenJDK Runtime Environment (17.0.6) (build 17.0.6+0-b2043.56-10027231)
# Java VM: OpenJDK 64-Bit Server VM (17.0.6+0-b2043.56-10027231, mixed mode, tiered, compressed oops, compressed class ptrs, g1 gc, windows-amd64)
GC Precious Log:
 CPUs: 8 total, 8 available
 Memory: 7502M
 Large Page Support: Disabled
 NUMA Support: Disabled
 Compressed Oops: Enabled (32-bit)
 Heap Region Size: 1M
 Heap Min Capacity: 8M
 Heap Initial Capacity: 118M
 Heap Max Capacity: 2G
 Pre-touch: Disabled
 Parallel Workers: 8
 Concurrent Workers: 2
 Concurrent Refinement Workers: 8
 Periodic GC: Disabled
Heap:
 garbage-first heap   total 195584K, used 75372K [0x0000000080000000, 0x0000000100000000)
  region size 1024K, 7 young (7168K), 1 survivors (1024K)
 Metaspace       used 52464K, committed 53056K, reserved 1097728K
  class space    used 7008K, committed 7296K, reserved 1048576K
GC Heap History (20 events):
Event: 3.182 GC heap before
{Heap before GC invocations=7 (full 0):
 garbage-first heap   total 92160K, used 44495K [0x0000000080000000, 0x0000000100000000)
  region size 1024K, 5 young (5120K), 4 survivors (4096K)
 Metaspace       used 29322K, committed 29696K, reserved 1081344K
  class space    used 3978K, committed 4160K, reserved 1048576K
}
Event: 3.184 GC heap after
{Heap after GC invocations=8 (full 0):
 garbage-first heap   total 92160K, used 44744K [0x0000000080000000, 0x0000000100000000)
  region size 1024K, 1 young (1024K), 1 survivors (1024K)
 Metaspace       used 29322K, committed 29696K, reserved 1081344K
  class space    used 3978K, committed 4160K, reserved 1048576K
}
Event: 3.745 GC heap before
{Heap before GC invocations=9 (full 0):
 garbage-first heap   total 92160K, used 72392K [0x0000000080000000, 0x0000000100000000)
  region size 1024K, 27 young (27648K), 1 survivors (1024K)
 Metaspace       used 32721K, committed 33152K, reserved 1081344K
  class space    used 4527K, committed 4736K, reserved 1048576K
}
Event: 3.747 GC heap after
{Heap after GC invocations=10 (full 0):
 garbage-first heap   total 92160K, used 49296K [0x0000000080000000, 0x0000000100000000)
  region size 1024K, 3 young (3072K), 3 survivors (3072K)
 Metaspace       used 32721K, committed 33152K, reserved 1081344K
  class space    used 4527K, committed 4736K, reserved 1048576K
}
Event: 3.770 GC heap before
{Heap before GC invocations=10 (full 0):
 garbage-first heap   total 92160K, used 50320K [0x0000000080000000, 0x0000000100000000)
  region size 1024K, 4 young (4096K), 3 survivors (3072K)
 Metaspace       used 32915K, committed 33280K, reserved 1081344K
  class space    used 4555K, committed 4736K, reserved 1048576K
}
Event: 3.773 GC heap after
{Heap after GC invocations=11 (full 0):
 garbage-first heap   total 92160K, used 49019K [0x0000000080000000, 0x0000000100000000)
  region size 1024K, 1 young (1024K), 1 survivors (1024K)
 Metaspace       used 32915K, committed 33280K, reserved 1081344K
  class space    used 4555K, committed 4736K, reserved 1048576K
}
Event: 4.174 GC heap before
{Heap before GC invocations=11 (full 0):
 garbage-first heap   total 92160K, used 71547K [0x0000000080000000, 0x0000000100000000)
  region size 1024K, 24 young (24576K), 1 survivors (1024K)
 Metaspace       used 37334K, committed 37696K, reserved 1089536K
  class space    used 5130K, committed 5312K, reserved 1048576K
}
Event: 4.180 GC heap after
{Heap after GC invocations=12 (full 0):
 garbage-first heap   total 92160K, used 50651K [0x0000000080000000, 0x0000000100000000)
  region size 1024K, 2 young (2048K), 2 survivors (2048K)
 Metaspace       used 37334K, committed 37696K, reserved 1089536K
  class space    used 5130K, committed 5312K, reserved 1048576K
}
Event: 4.668 GC heap before
{Heap before GC invocations=13 (full 0):
 garbage-first heap   total 92160K, used 73179K [0x0000000080000000, 0x0000000100000000)
  region size 1024K, 25 young (25600K), 2 survivors (2048K)
 Metaspace       used 41688K, committed 42112K, reserved 1089536K
  class space    used 5573K, committed 5760K, reserved 1048576K
}
Event: 4.674 GC heap after
{Heap after GC invocations=14 (full 0):
 garbage-first heap   total 92160K, used 54071K [0x0000000080000000, 0x0000000100000000)
  region size 1024K, 4 young (4096K), 4 survivors (4096K)
 Metaspace       used 41688K, committed 42112K, reserved 1089536K
  class space    used 5573K, committed 5760K, reserved 1048576K
}
Event: 4.680 GC heap before
{Heap before GC invocations=14 (full 0):
 garbage-first heap   total 92160K, used 55095K [0x0000000080000000, 0x0000000100000000)
  region size 1024K, 5 young (5120K), 4 survivors (4096K)
 Metaspace       used 41688K, committed 42112K, reserved 1089536K
  class space    used 5573K, committed 5760K, reserved 1048576K
}
Event: 4.685 GC heap after
{Heap after GC invocations=15 (full 0):
 garbage-first heap   total 92160K, used 54342K [0x0000000080000000, 0x0000000100000000)
  region size 1024K, 1 young (1024K), 1 survivors (1024K)
 Metaspace       used 41688K, committed 42112K, reserved 1089536K
  class space    used 5573K, committed 5760K, reserved 1048576K
}
Event: 4.810 GC heap before
{Heap before GC invocations=15 (full 0):
 garbage-first heap   total 92160K, used 64582K [0x0000000080000000, 0x0000000100000000)
  region size 1024K, 13 young (13312K), 1 survivors (1024K)
 Metaspace       used 42158K, committed 42560K, reserved 1089536K
  class space    used 5619K, committed 5824K, reserved 1048576K
}
Event: 4.813 GC heap after
{Heap after GC invocations=16 (full 0):
 garbage-first heap   total 195584K, used 56225K [0x0000000080000000, 0x0000000100000000)
  region size 1024K, 3 young (3072K), 3 survivors (3072K)
 Metaspace       used 42158K, committed 42560K, reserved 1089536K
  class space    used 5619K, committed 5824K, reserved 1048576K
}
Event: 4.814 GC heap before
{Heap before GC invocations=16 (full 0):
 garbage-first heap   total 195584K, used 57249K [0x0000000080000000, 0x0000000100000000)
  region size 1024K, 4 young (4096K), 3 survivors (3072K)
 Metaspace       used 42158K, committed 42560K, reserved 1089536K
  class space    used 5619K, committed 5824K, reserved 1048576K
}
Event: 4.816 GC heap after
{Heap after GC invocations=17 (full 0):
 garbage-first heap   total 195584K, used 56767K [0x0000000080000000, 0x0000000100000000)
  region size 1024K, 2 young (2048K), 2 survivors (2048K)
 Metaspace       used 42158K, committed 42560K, reserved 1089536K
  class space    used 5619K, committed 5824K, reserved 1048576K
}
Event: 6.874 GC heap before
{Heap before GC invocations=18 (full 0):
 garbage-first heap   total 195584K, used 153023K [0x0000000080000000, 0x0000000100000000)
  region size 1024K, 88 young (90112K), 2 survivors (2048K)
 Metaspace       used 52012K, committed 52608K, reserved 1097728K
  class space    used 6921K, committed 7232K, reserved 1048576K
}
Event: 6.884 GC heap after
{Heap after GC invocations=19 (full 0):
 garbage-first heap   total 195584K, used 69787K [0x0000000080000000, 0x0000000100000000)
  region size 1024K, 10 young (10240K), 10 survivors (10240K)
 Metaspace       used 52012K, committed 52608K, reserved 1097728K
  class space    used 6921K, committed 7232K, reserved 1048576K
}
Event: 6.909 GC heap before
{Heap before GC invocations=19 (full 0):
 garbage-first heap   total 195584K, used 70811K [0x0000000080000000, 0x0000000100000000)
  region size 1024K, 11 young (11264K), 10 survivors (10240K)
 Metaspace       used 52176K, committed 52736K, reserved 1097728K
  class space    used 6950K, committed 7232K, reserved 1048576K
}
Event: 6.916 GC heap after
{Heap after GC invocations=20 (full 0):
 garbage-first heap   total 195584K, used 70252K [0x0000000080000000, 0x0000000100000000)
  region size 1024K, 1 young (1024K), 1 survivors (1024K)
 Metaspace       used 52176K, committed 52736K, reserved 1097728K
  class space    used 6950K, committed 7232K, reserved 1048576K
}

