# JRE version: OpenJDK Runtime Environment (17.0.6) (build 17.0.6+0-b2043.56-10027231)
# Java VM: OpenJDK 64-Bit Server VM (17.0.6+0-b2043.56-10027231, mixed mode, tiered, compressed oops, compressed class ptrs, g1 gc, windows-amd64)
GC Precious Log:
 CPUs: 8 total, 8 available
 Memory: 7502M
 Large Page Support: Disabled
 NUMA Support: Disabled
 Compressed Oops: Enabled (32-bit)
 Heap Region Size: 1M
 Heap Min Capacity: 8M
 Heap Initial Capacity: 118M
 Heap Max Capacity: 2G
 Pre-touch: Disabled
 Parallel Workers: 8
 Concurrent Workers: 2
 Concurrent Refinement Workers: 8
 Periodic GC: Disabled
Heap:
 garbage-first heap   total 209920K, used 134657K [0x0000000080000000, 0x0000000100000000)
  region size 1024K, 5 young (5120K), 5 survivors (5120K)
 Metaspace       used 93897K, committed 94656K, reserved 1138688K
  class space    used 12670K, committed 13056K, reserved 1048576K
GC Heap History (20 events):
Event: 20.255 GC heap after
{Heap after GC invocations=36 (full 0):
 garbage-first heap   total 159744K, used 82444K [0x0000000080000000, 0x0000000100000000)
  region size 1024K, 1 young (1024K), 1 survivors (1024K)
 Metaspace       used 70890K, committed 71552K, reserved 1114112K
  class space    used 9384K, committed 9664K, reserved 1048576K
}
Event: 21.577 GC heap before
{Heap before GC invocations=36 (full 0):
 garbage-first heap   total 159744K, used 124428K [0x0000000080000000, 0x0000000100000000)
  region size 1024K, 42 young (43008K), 1 survivors (1024K)
 Metaspace       used 75402K, committed 76096K, reserved 1122304K
  class space    used 10000K, committed 10304K, reserved 1048576K
}
Event: 21.583 GC heap after
{Heap after GC invocations=37 (full 0):
 garbage-first heap   total 159744K, used 84376K [0x0000000080000000, 0x0000000100000000)
  region size 1024K, 3 young (3072K), 3 survivors (3072K)
 Metaspace       used 75402K, committed 76096K, reserved 1122304K
  class space    used 10000K, committed 10304K, reserved 1048576K
}
Event: 22.898 GC heap before
{Heap before GC invocations=38 (full 0):
 garbage-first heap   total 159744K, used 126360K [0x0000000080000000, 0x0000000100000000)
  region size 1024K, 44 young (45056K), 3 survivors (3072K)
 Metaspace       used 78945K, committed 79616K, reserved 1122304K
  class space    used 10451K, committed 10816K, reserved 1048576K
}
Event: 22.909 GC heap after
{Heap after GC invocations=39 (full 0):
 garbage-first heap   total 159744K, used 89072K [0x0000000080000000, 0x0000000100000000)
  region size 1024K, 6 young (6144K), 6 survivors (6144K)
 Metaspace       used 78945K, committed 79616K, reserved 1122304K
  class space    used 10451K, committed 10816K, reserved 1048576K
}
Event: 22.930 GC heap before
{Heap before GC invocations=39 (full 0):
 garbage-first heap   total 159744K, used 89072K [0x0000000080000000, 0x0000000100000000)
  region size 1024K, 7 young (7168K), 6 survivors (6144K)
 Metaspace       used 78952K, committed 79616K, reserved 1122304K
  class space    used 10451K, committed 10816K, reserved 1048576K
}
Event: 22.938 GC heap after
{Heap after GC invocations=40 (full 0):
 garbage-first heap   total 159744K, used 89906K [0x0000000080000000, 0x0000000100000000)
  region size 1024K, 1 young (1024K), 1 survivors (1024K)
 Metaspace       used 78952K, committed 79616K, reserved 1122304K
  class space    used 10451K, committed 10816K, reserved 1048576K
}
Event: 23.916 GC heap before
{Heap before GC invocations=40 (full 0):
 garbage-first heap   total 159744K, used 129842K [0x0000000080000000, 0x0000000100000000)
  region size 1024K, 39 young (39936K), 1 survivors (1024K)
 Metaspace       used 82723K, committed 83392K, reserved 1122304K
  class space    used 11014K, committed 11328K, reserved 1048576K
}
Event: 23.920 GC heap after
{Heap after GC invocations=41 (full 0):
 garbage-first heap   total 159744K, used 90675K [0x0000000080000000, 0x0000000100000000)
  region size 1024K, 2 young (2048K), 2 survivors (2048K)
 Metaspace       used 82723K, committed 83392K, reserved 1122304K
  class space    used 11014K, committed 11328K, reserved 1048576K
}
Event: 25.306 GC heap before
{Heap before GC invocations=41 (full 0):
 garbage-first heap   total 159744K, used 130611K [0x0000000080000000, 0x0000000100000000)
  region size 1024K, 41 young (41984K), 2 survivors (2048K)
 Metaspace       used 87207K, committed 87936K, reserved 1130496K
  class space    used 11773K, committed 12096K, reserved 1048576K
}
Event: 25.312 GC heap after
{Heap after GC invocations=42 (full 0):
 garbage-first heap   total 159744K, used 93317K [0x0000000080000000, 0x0000000100000000)
  region size 1024K, 5 young (5120K), 5 survivors (5120K)
 Metaspace       used 87207K, committed 87936K, reserved 1130496K
  class space    used 11773K, committed 12096K, reserved 1048576K
}
Event: 26.515 GC heap before
{Heap before GC invocations=42 (full 0):
 garbage-first heap   total 159744K, used 131205K [0x0000000080000000, 0x0000000100000000)
  region size 1024K, 42 young (43008K), 5 survivors (5120K)
 Metaspace       used 91343K, committed 92032K, reserved 1130496K
  class space    used 12262K, committed 12608K, reserved 1048576K
}
Event: 26.527 GC heap after
{Heap after GC invocations=43 (full 0):
 garbage-first heap   total 159744K, used 97910K [0x0000000080000000, 0x0000000100000000)
  region size 1024K, 6 young (6144K), 6 survivors (6144K)
 Metaspace       used 91343K, committed 92032K, reserved 1130496K
  class space    used 12262K, committed 12608K, reserved 1048576K
}
Event: 27.385 GC heap before
{Heap before GC invocations=43 (full 0):
 garbage-first heap   total 159744K, used 131702K [0x0000000080000000, 0x0000000100000000)
  region size 1024K, 30 young (30720K), 6 survivors (6144K)
 Metaspace       used 93872K, committed 94656K, reserved 1138688K
  class space    used 12668K, committed 13056K, reserved 1048576K
}
Event: 27.394 GC heap after
{Heap after GC invocations=44 (full 0):
 garbage-first heap   total 159744K, used 111923K [0x0000000080000000, 0x0000000100000000)
  region size 1024K, 4 young (4096K), 4 survivors (4096K)
 Metaspace       used 93872K, committed 94656K, reserved 1138688K
  class space    used 12668K, committed 13056K, reserved 1048576K
}
Event: 27.603 GC heap before
{Heap before GC invocations=45 (full 0):
 garbage-first heap   total 209920K, used 134451K [0x0000000080000000, 0x0000000100000000)
  region size 1024K, 25 young (25600K), 4 survivors (4096K)
 Metaspace       used 93877K, committed 94656K, reserved 1138688K
  class space    used 12669K, committed 13056K, reserved 1048576K
}
Event: 27.613 GC heap after
{Heap after GC invocations=46 (full 0):
 garbage-first heap   total 209920K, used 121980K [0x0000000080000000, 0x0000000100000000)
  region size 1024K, 4 young (4096K), 4 survivors (4096K)
 Metaspace       used 93877K, committed 94656K, reserved 1138688K
  class space    used 12669K, committed 13056K, reserved 1048576K
}
Event: 27.652 GC heap before
{Heap before GC invocations=46 (full 0):
 garbage-first heap   total 209920K, used 128124K [0x0000000080000000, 0x0000000100000000)
  region size 1024K, 10 young (10240K), 4 survivors (4096K)
 Metaspace       used 93877K, committed 94656K, reserved 1138688K
  class space    used 12669K, committed 13056K, reserved 1048576K
}
Event: 27.660 GC heap after
{Heap after GC invocations=47 (full 0):
 garbage-first heap   total 209920K, used 123569K [0x0000000080000000, 0x0000000100000000)
  region size 1024K, 2 young (2048K), 2 survivors (2048K)
 Metaspace       used 93877K, committed 94656K, reserved 1138688K
  class space    used 12669K, committed 13056K, reserved 1048576K
}
Event: 28.701 GC heap before
{Heap before GC invocations=47 (full 0):
 garbage-first heap   total 209920K, used 161457K [0x0000000080000000, 0x0000000100000000)
  region size 1024K, 40 young (40960K), 2 survivors (2048K)
 Metaspace       used 93897K, committed 94656K, reserved 1138688K
  class space    used 12670K, committed 13056K, reserved 1048576K
}

