# JRE version: OpenJDK Runtime Environment (17.0.6) (build 17.0.6+0-b2043.56-10027231)
# Java VM: OpenJDK 64-Bit Server VM (17.0.6+0-b2043.56-10027231, mixed mode, tiered, compressed oops, compressed class ptrs, g1 gc, windows-amd64)
GC Precious Log:
 CPUs: 8 total, 8 available
 Memory: 7502M
 Large Page Support: Disabled
 NUMA Support: Disabled
 Compressed Oops: Enabled (32-bit)
 Heap Region Size: 1M
 Heap Min Capacity: 8M
 Heap Initial Capacity: 118M
 Heap Max Capacity: 2G
 Pre-touch: Disabled
 Parallel Workers: 8
 Concurrent Workers: 2
 Concurrent Refinement Workers: 8
 Periodic GC: Disabled
Heap:
 garbage-first heap   total 485376K, used 374687K [0x0000000080000000, 0x0000000100000000)
  region size 1024K, 5 young (5120K), 5 survivors (5120K)
 Metaspace       used 195272K, committed 196800K, reserved 1220608K
  class space    used 25101K, committed 25856K, reserved 1048576K
GC Heap History (20 events):
Event: 30.130 GC heap after
{Heap after GC invocations=53 (full 0):
 garbage-first heap   total 485376K, used 258301K [0x0000000080000000, 0x0000000100000000)
  region size 1024K, 3 young (3072K), 3 survivors (3072K)
 Metaspace       used 164184K, committed 165120K, reserved 1196032K
  class space    used 21384K, committed 21824K, reserved 1048576K
}
Event: 71.205 GC heap before
{Heap before GC invocations=53 (full 0):
 garbage-first heap   total 485376K, used 395517K [0x0000000080000000, 0x0000000100000000)
  region size 1024K, 137 young (140288K), 3 survivors (3072K)
 Metaspace       used 174927K, committed 176128K, reserved 1204224K
  class space    used 22627K, committed 23232K, reserved 1048576K
}
Event: 71.217 GC heap after
{Heap after GC invocations=54 (full 0):
 garbage-first heap   total 485376K, used 268393K [0x0000000080000000, 0x0000000100000000)
  region size 1024K, 13 young (13312K), 13 survivors (13312K)
 Metaspace       used 174927K, committed 176128K, reserved 1204224K
  class space    used 22627K, committed 23232K, reserved 1048576K
}
Event: 72.555 GC heap before
{Heap before GC invocations=55 (full 0):
 garbage-first heap   total 485376K, used 396393K [0x0000000080000000, 0x0000000100000000)
  region size 1024K, 139 young (142336K), 13 survivors (13312K)
 Metaspace       used 177688K, committed 179008K, reserved 1204224K
  class space    used 22963K, committed 23616K, reserved 1048576K
}
Event: 72.579 GC heap after
{Heap after GC invocations=56 (full 0):
 garbage-first heap   total 485376K, used 284249K [0x0000000080000000, 0x0000000100000000)
  region size 1024K, 17 young (17408K), 17 survivors (17408K)
 Metaspace       used 177688K, committed 179008K, reserved 1204224K
  class space    used 22963K, committed 23616K, reserved 1048576K
}
Event: 72.629 GC heap before
{Heap before GC invocations=56 (full 0):
 garbage-first heap   total 485376K, used 290393K [0x0000000080000000, 0x0000000100000000)
  region size 1024K, 23 young (23552K), 17 survivors (17408K)
 Metaspace       used 177717K, committed 179008K, reserved 1204224K
  class space    used 22969K, committed 23616K, reserved 1048576K
}
Event: 72.642 GC heap after
{Heap after GC invocations=57 (full 0):
 garbage-first heap   total 485376K, used 282370K [0x0000000080000000, 0x0000000100000000)
  region size 1024K, 3 young (3072K), 3 survivors (3072K)
 Metaspace       used 177717K, committed 179008K, reserved 1204224K
  class space    used 22969K, committed 23616K, reserved 1048576K
}
Event: 100.904 GC heap before
{Heap before GC invocations=57 (full 0):
 garbage-first heap   total 485376K, used 396034K [0x0000000080000000, 0x0000000100000000)
  region size 1024K, 115 young (117760K), 3 survivors (3072K)
 Metaspace       used 179715K, committed 181120K, reserved 1212416K
  class space    used 23220K, committed 23936K, reserved 1048576K
}
Event: 100.914 GC heap after
{Heap after GC invocations=58 (full 0):
 garbage-first heap   total 485376K, used 289495K [0x0000000080000000, 0x0000000100000000)
  region size 1024K, 10 young (10240K), 10 survivors (10240K)
 Metaspace       used 179715K, committed 181120K, reserved 1212416K
  class space    used 23220K, committed 23936K, reserved 1048576K
}
Event: 102.280 GC heap before
{Heap before GC invocations=58 (full 0):
 garbage-first heap   total 485376K, used 400087K [0x0000000080000000, 0x0000000100000000)
  region size 1024K, 119 young (121856K), 10 survivors (10240K)
 Metaspace       used 182221K, committed 183680K, reserved 1212416K
  class space    used 23542K, committed 24256K, reserved 1048576K
}
Event: 102.297 GC heap after
{Heap after GC invocations=59 (full 0):
 garbage-first heap   total 485376K, used 302233K [0x0000000080000000, 0x0000000100000000)
  region size 1024K, 14 young (14336K), 14 survivors (14336K)
 Metaspace       used 182221K, committed 183680K, reserved 1212416K
  class space    used 23542K, committed 24256K, reserved 1048576K
}
Event: 249.653 GC heap before
{Heap before GC invocations=59 (full 0):
 garbage-first heap   total 485376K, used 409753K [0x0000000080000000, 0x0000000100000000)
  region size 1024K, 113 young (115712K), 14 survivors (14336K)
 Metaspace       used 189202K, committed 190720K, reserved 1220608K
  class space    used 24349K, committed 25088K, reserved 1048576K
}
Event: 249.664 GC heap after
{Heap after GC invocations=60 (full 0):
 garbage-first heap   total 485376K, used 316322K [0x0000000080000000, 0x0000000100000000)
  region size 1024K, 9 young (9216K), 9 survivors (9216K)
 Metaspace       used 189202K, committed 190720K, reserved 1220608K
  class space    used 24349K, committed 25088K, reserved 1048576K
}
Event: 250.536 GC heap before
{Heap before GC invocations=60 (full 0):
 garbage-first heap   total 485376K, used 423842K [0x0000000080000000, 0x0000000100000000)
  region size 1024K, 98 young (100352K), 9 survivors (9216K)
 Metaspace       used 194981K, committed 196544K, reserved 1220608K
  class space    used 25091K, committed 25856K, reserved 1048576K
}
Event: 250.547 GC heap after
{Heap after GC invocations=61 (full 0):
 garbage-first heap   total 485376K, used 338631K [0x0000000080000000, 0x0000000100000000)
  region size 1024K, 13 young (13312K), 13 survivors (13312K)
 Metaspace       used 194981K, committed 196544K, reserved 1220608K
  class space    used 25091K, committed 25856K, reserved 1048576K
}
Event: 250.869 GC heap before
{Heap before GC invocations=61 (full 0):
 garbage-first heap   total 485376K, used 411335K [0x0000000080000000, 0x0000000100000000)
  region size 1024K, 84 young (86016K), 13 survivors (13312K)
 Metaspace       used 195076K, committed 196608K, reserved 1220608K
  class space    used 25100K, committed 25856K, reserved 1048576K
}
Event: 250.889 GC heap after
{Heap after GC invocations=62 (full 0):
 garbage-first heap   total 485376K, used 354100K [0x0000000080000000, 0x0000000100000000)
  region size 1024K, 11 young (11264K), 11 survivors (11264K)
 Metaspace       used 195076K, committed 196608K, reserved 1220608K
  class space    used 25100K, committed 25856K, reserved 1048576K
}
Event: 251.164 GC heap before
{Heap before GC invocations=62 (full 0):
 garbage-first heap   total 485376K, used 413492K [0x0000000080000000, 0x0000000100000000)
  region size 1024K, 62 young (63488K), 11 survivors (11264K)
 Metaspace       used 195164K, committed 196736K, reserved 1220608K
  class space    used 25101K, committed 25856K, reserved 1048576K
}
Event: 251.179 GC heap after
{Heap after GC invocations=63 (full 0):
 garbage-first heap   total 485376K, used 370070K [0x0000000080000000, 0x0000000100000000)
  region size 1024K, 8 young (8192K), 8 survivors (8192K)
 Metaspace       used 195164K, committed 196736K, reserved 1220608K
  class space    used 25101K, committed 25856K, reserved 1048576K
}
Event: 251.697 GC heap before
{Heap before GC invocations=63 (full 0):
 garbage-first heap   total 485376K, used 413078K [0x0000000080000000, 0x0000000100000000)
  region size 1024K, 50 young (51200K), 8 survivors (8192K)
 Metaspace       used 195272K, committed 196800K, reserved 1220608K
  class space    used 25101K, committed 25856K, reserved 1048576K
}

