# JRE version: OpenJDK Runtime Environment (17.0.6) (build 17.0.6+0-b2043.56-10027231)
# Java VM: OpenJDK 64-Bit Server VM (17.0.6+0-b2043.56-10027231, mixed mode, tiered, compressed oops, compressed class ptrs, g1 gc, windows-amd64)
GC Precious Log:
 CPUs: 8 total, 8 available
 Memory: 7502M
 Large Page Support: Disabled
 NUMA Support: Disabled
 Compressed Oops: Enabled (32-bit)
 Heap Region Size: 1M
 Heap Min Capacity: 8M
 Heap Initial Capacity: 118M
 Heap Max Capacity: 2G
 Pre-touch: Disabled
 Parallel Workers: 8
 Concurrent Workers: 2
 Concurrent Refinement Workers: 8
 Periodic GC: Disabled
Heap:
 garbage-first heap   total 317440K, used 191860K [0x0000000080000000, 0x0000000100000000)
  region size 1024K, 5 young (5120K), 5 survivors (5120K)
 Metaspace       used 150662K, committed 151680K, reserved 1187840K
  class space    used 20091K, committed 20608K, reserved 1048576K
GC Heap History (20 events):
Event: 65.592 GC heap after
{Heap after GC invocations=40 (full 0):
 garbage-first heap   total 262144K, used 148905K [0x0000000080000000, 0x0000000100000000)
  region size 1024K, 11 young (11264K), 11 survivors (11264K)
 Metaspace       used 119368K, committed 120256K, reserved 1155072K
  class space    used 15945K, committed 16384K, reserved 1048576K
}
Event: 65.606 GC heap before
{Heap before GC invocations=40 (full 0):
 garbage-first heap   total 262144K, used 149929K [0x0000000080000000, 0x0000000100000000)
  region size 1024K, 12 young (12288K), 11 survivors (11264K)
 Metaspace       used 119373K, committed 120256K, reserved 1155072K
  class space    used 15945K, committed 16384K, reserved 1048576K
}
Event: 65.612 GC heap after
{Heap after GC invocations=41 (full 0):
 garbage-first heap   total 262144K, used 148262K [0x0000000080000000, 0x0000000100000000)
  region size 1024K, 2 young (2048K), 2 survivors (2048K)
 Metaspace       used 119373K, committed 120256K, reserved 1155072K
  class space    used 15945K, committed 16384K, reserved 1048576K
}
Event: 66.545 GC heap before
{Heap before GC invocations=41 (full 0):
 garbage-first heap   total 262144K, used 209702K [0x0000000080000000, 0x0000000100000000)
  region size 1024K, 62 young (63488K), 2 survivors (2048K)
 Metaspace       used 125450K, committed 126400K, reserved 1163264K
  class space    used 17165K, committed 17600K, reserved 1048576K
}
Event: 66.550 GC heap after
{Heap after GC invocations=42 (full 0):
 garbage-first heap   total 262144K, used 150492K [0x0000000080000000, 0x0000000100000000)
  region size 1024K, 4 young (4096K), 4 survivors (4096K)
 Metaspace       used 125450K, committed 126400K, reserved 1163264K
  class space    used 17165K, committed 17600K, reserved 1048576K
}
Event: 66.706 GC heap before
{Heap before GC invocations=42 (full 0):
 garbage-first heap   total 262144K, used 157660K [0x0000000080000000, 0x0000000100000000)
  region size 1024K, 12 young (12288K), 4 survivors (4096K)
 Metaspace       used 126819K, committed 127744K, reserved 1163264K
  class space    used 17334K, committed 17792K, reserved 1048576K
}
Event: 66.711 GC heap after
{Heap after GC invocations=43 (full 0):
 garbage-first heap   total 262144K, used 150802K [0x0000000080000000, 0x0000000100000000)
  region size 1024K, 4 young (4096K), 4 survivors (4096K)
 Metaspace       used 126819K, committed 127744K, reserved 1163264K
  class space    used 17334K, committed 17792K, reserved 1048576K
}
Event: 67.496 GC heap before
{Heap before GC invocations=44 (full 0):
 garbage-first heap   total 273408K, used 224530K [0x0000000080000000, 0x0000000100000000)
  region size 1024K, 67 young (68608K), 4 survivors (4096K)
 Metaspace       used 132420K, committed 133504K, reserved 1171456K
  class space    used 18049K, committed 18560K, reserved 1048576K
}
Event: 67.509 GC heap after
{Heap after GC invocations=45 (full 0):
 garbage-first heap   total 273408K, used 170591K [0x0000000080000000, 0x0000000100000000)
  region size 1024K, 9 young (9216K), 9 survivors (9216K)
 Metaspace       used 132420K, committed 133504K, reserved 1171456K
  class space    used 18049K, committed 18560K, reserved 1048576K
}
Event: 67.537 GC heap before
{Heap before GC invocations=45 (full 0):
 garbage-first heap   total 273408K, used 174687K [0x0000000080000000, 0x0000000100000000)
  region size 1024K, 13 young (13312K), 9 survivors (9216K)
 Metaspace       used 132422K, committed 133504K, reserved 1171456K
  class space    used 18049K, committed 18560K, reserved 1048576K
}
Event: 67.546 GC heap after
{Heap after GC invocations=46 (full 0):
 garbage-first heap   total 273408K, used 158307K [0x0000000080000000, 0x0000000100000000)
  region size 1024K, 2 young (2048K), 2 survivors (2048K)
 Metaspace       used 132422K, committed 133504K, reserved 1171456K
  class space    used 18049K, committed 18560K, reserved 1048576K
}
Event: 67.932 GC heap before
{Heap before GC invocations=46 (full 0):
 garbage-first heap   total 273408K, used 222819K [0x0000000080000000, 0x0000000100000000)
  region size 1024K, 65 young (66560K), 2 survivors (2048K)
 Metaspace       used 133126K, committed 134144K, reserved 1171456K
  class space    used 18119K, committed 18624K, reserved 1048576K
}
Event: 67.944 GC heap after
{Heap after GC invocations=47 (full 0):
 garbage-first heap   total 273408K, used 174849K [0x0000000080000000, 0x0000000100000000)
  region size 1024K, 9 young (9216K), 9 survivors (9216K)
 Metaspace       used 133126K, committed 134144K, reserved 1171456K
  class space    used 18119K, committed 18624K, reserved 1048576K
}
Event: 68.346 GC heap before
{Heap before GC invocations=47 (full 0):
 garbage-first heap   total 273408K, used 200449K [0x0000000080000000, 0x0000000100000000)
  region size 1024K, 35 young (35840K), 9 survivors (9216K)
 Metaspace       used 136731K, committed 137728K, reserved 1171456K
  class space    used 18549K, committed 19072K, reserved 1048576K
}
Event: 68.352 GC heap after
{Heap after GC invocations=48 (full 0):
 garbage-first heap   total 273408K, used 178140K [0x0000000080000000, 0x0000000100000000)
  region size 1024K, 3 young (3072K), 3 survivors (3072K)
 Metaspace       used 136731K, committed 137728K, reserved 1171456K
  class space    used 18549K, committed 19072K, reserved 1048576K
}
Event: 68.995 GC heap before
{Heap before GC invocations=49 (full 0):
 garbage-first heap   total 317440K, used 230364K [0x0000000080000000, 0x0000000100000000)
  region size 1024K, 48 young (49152K), 3 survivors (3072K)
 Metaspace       used 141228K, committed 142208K, reserved 1171456K
  class space    used 18962K, committed 19456K, reserved 1048576K
}
Event: 69.001 GC heap after
{Heap after GC invocations=50 (full 0):
 garbage-first heap   total 317440K, used 189664K [0x0000000080000000, 0x0000000100000000)
  region size 1024K, 6 young (6144K), 6 survivors (6144K)
 Metaspace       used 141228K, committed 142208K, reserved 1171456K
  class space    used 18962K, committed 19456K, reserved 1048576K
}
Event: 69.143 GC heap before
{Heap before GC invocations=50 (full 0):
 garbage-first heap   total 317440K, used 197856K [0x0000000080000000, 0x0000000100000000)
  region size 1024K, 15 young (15360K), 6 survivors (6144K)
 Metaspace       used 142672K, committed 143680K, reserved 1179648K
  class space    used 19093K, committed 19584K, reserved 1048576K
}
Event: 69.150 GC heap after
{Heap after GC invocations=51 (full 0):
 garbage-first heap   total 317440K, used 188601K [0x0000000080000000, 0x0000000100000000)
  region size 1024K, 2 young (2048K), 2 survivors (2048K)
 Metaspace       used 142672K, committed 143680K, reserved 1179648K
  class space    used 19093K, committed 19584K, reserved 1048576K
}
Event: 70.307 GC heap before
{Heap before GC invocations=51 (full 0):
 garbage-first heap   total 317440K, used 252089K [0x0000000080000000, 0x0000000100000000)
  region size 1024K, 63 young (64512K), 2 survivors (2048K)
 Metaspace       used 150662K, committed 151680K, reserved 1187840K
  class space    used 20091K, committed 20608K, reserved 1048576K
}

