# JRE version: OpenJDK Runtime Environment (17.0.6) (build 17.0.6+0-b2043.56-10027231)
# Java VM: OpenJDK 64-Bit Server VM (17.0.6+0-b2043.56-10027231, mixed mode, tiered, compressed oops, compressed class ptrs, g1 gc, windows-amd64)
GC Precious Log:
 CPUs: 8 total, 8 available
 Memory: 7502M
 Large Page Support: Disabled
 NUMA Support: Disabled
 Compressed Oops: Enabled (32-bit)
 Heap Region Size: 1M
 Heap Min Capacity: 8M
 Heap Initial Capacity: 118M
 Heap Max Capacity: 2G
 Pre-touch: Disabled
 Parallel Workers: 8
 Concurrent Workers: 2
 Concurrent Refinement Workers: 8
 Periodic GC: Disabled
Heap:
 garbage-first heap   total 154624K, used 59187K [0x0000000080000000, 0x0000000100000000)
  region size 1024K, 32 young (32768K), 3 survivors (3072K)
 Metaspace       used 45992K, committed 46464K, reserved 1089536K
  class space    used 6040K, committed 6272K, reserved 1048576K
GC Heap History (18 events):
Event: 0.920 GC heap before
{Heap before GC invocations=0 (full 0):
 garbage-first heap   total 120832K, used 26624K [0x0000000080000000, 0x0000000100000000)
  region size 1024K, 23 young (23552K), 0 survivors (0K)
 Metaspace       used 10265K, committed 10432K, reserved 1064960K
  class space    used 1058K, committed 1152K, reserved 1048576K
}
Event: 0.927 GC heap after
{Heap after GC invocations=1 (full 0):
 garbage-first heap   total 120832K, used 10272K [0x0000000080000000, 0x0000000100000000)
  region size 1024K, 3 young (3072K), 3 survivors (3072K)
 Metaspace       used 10265K, committed 10432K, reserved 1064960K
  class space    used 1058K, committed 1152K, reserved 1048576K
}
Event: 1.432 GC heap before
{Heap before GC invocations=1 (full 0):
 garbage-first heap   total 120832K, used 39968K [0x0000000080000000, 0x0000000100000000)
  region size 1024K, 31 young (31744K), 3 survivors (3072K)
 Metaspace       used 11214K, committed 11456K, reserved 1064960K
  class space    used 1162K, committed 1280K, reserved 1048576K
}
Event: 1.440 GC heap after
{Heap after GC invocations=2 (full 0):
 garbage-first heap   total 120832K, used 14078K [0x0000000080000000, 0x0000000100000000)
  region size 1024K, 4 young (4096K), 4 survivors (4096K)
 Metaspace       used 11214K, committed 11456K, reserved 1064960K
  class space    used 1162K, committed 1280K, reserved 1048576K
}
Event: 2.641 GC heap before
{Heap before GC invocations=2 (full 0):
 garbage-first heap   total 120832K, used 51966K [0x0000000080000000, 0x0000000100000000)
  region size 1024K, 42 young (43008K), 4 survivors (4096K)
 Metaspace       used 21320K, committed 21504K, reserved 1073152K
  class space    used 2600K, committed 2688K, reserved 1048576K
}
Event: 2.647 GC heap after
{Heap after GC invocations=3 (full 0):
 garbage-first heap   total 120832K, used 18764K [0x0000000080000000, 0x0000000100000000)
  region size 1024K, 9 young (9216K), 9 survivors (9216K)
 Metaspace       used 21320K, committed 21504K, reserved 1073152K
  class space    used 2600K, committed 2688K, reserved 1048576K
}
Event: 3.395 GC heap before
{Heap before GC invocations=4 (full 0):
 garbage-first heap   total 68608K, used 53580K [0x0000000080000000, 0x0000000100000000)
  region size 1024K, 44 young (45056K), 9 survivors (9216K)
 Metaspace       used 26829K, committed 27136K, reserved 1073152K
  class space    used 3550K, committed 3712K, reserved 1048576K
}
Event: 3.401 GC heap after
{Heap after GC invocations=5 (full 0):
 garbage-first heap   total 68608K, used 20998K [0x0000000080000000, 0x0000000100000000)
  region size 1024K, 3 young (3072K), 3 survivors (3072K)
 Metaspace       used 26829K, committed 27136K, reserved 1073152K
  class space    used 3550K, committed 3712K, reserved 1048576K
}
Event: 3.857 GC heap before
{Heap before GC invocations=5 (full 0):
 garbage-first heap   total 68608K, used 47622K [0x0000000080000000, 0x0000000100000000)
  region size 1024K, 29 young (29696K), 3 survivors (3072K)
 Metaspace       used 30904K, committed 31232K, reserved 1081344K
  class space    used 4218K, committed 4352K, reserved 1048576K
}
Event: 3.860 GC heap after
{Heap after GC invocations=6 (full 0):
 garbage-first heap   total 68608K, used 22249K [0x0000000080000000, 0x0000000100000000)
  region size 1024K, 2 young (2048K), 2 survivors (2048K)
 Metaspace       used 30904K, committed 31232K, reserved 1081344K
  class space    used 4218K, committed 4352K, reserved 1048576K
}
Event: 4.335 GC heap before
{Heap before GC invocations=6 (full 0):
 garbage-first heap   total 68608K, used 46825K [0x0000000080000000, 0x0000000100000000)
  region size 1024K, 27 young (27648K), 2 survivors (2048K)
 Metaspace       used 35631K, committed 35968K, reserved 1081344K
  class space    used 4872K, committed 5056K, reserved 1048576K
}
Event: 4.339 GC heap after
{Heap after GC invocations=7 (full 0):
 garbage-first heap   total 68608K, used 24165K [0x0000000080000000, 0x0000000100000000)
  region size 1024K, 4 young (4096K), 4 survivors (4096K)
 Metaspace       used 35631K, committed 35968K, reserved 1081344K
  class space    used 4872K, committed 5056K, reserved 1048576K
}
Event: 4.722 GC heap before
{Heap before GC invocations=8 (full 0):
 garbage-first heap   total 68608K, used 48741K [0x0000000080000000, 0x0000000100000000)
  region size 1024K, 29 young (29696K), 4 survivors (4096K)
 Metaspace       used 40336K, committed 40704K, reserved 1089536K
  class space    used 5351K, committed 5504K, reserved 1048576K
}
Event: 4.727 GC heap after
{Heap after GC invocations=9 (full 0):
 garbage-first heap   total 68608K, used 28120K [0x0000000080000000, 0x0000000100000000)
  region size 1024K, 4 young (4096K), 4 survivors (4096K)
 Metaspace       used 40336K, committed 40704K, reserved 1089536K
  class space    used 5351K, committed 5504K, reserved 1048576K
}
Event: 4.729 GC heap before
{Heap before GC invocations=9 (full 0):
 garbage-first heap   total 68608K, used 29144K [0x0000000080000000, 0x0000000100000000)
  region size 1024K, 5 young (5120K), 4 survivors (4096K)
 Metaspace       used 40336K, committed 40704K, reserved 1089536K
  class space    used 5351K, committed 5504K, reserved 1048576K
}
Event: 4.733 GC heap after
{Heap after GC invocations=10 (full 0):
 garbage-first heap   total 68608K, used 28722K [0x0000000080000000, 0x0000000100000000)
  region size 1024K, 1 young (1024K), 1 survivors (1024K)
 Metaspace       used 40336K, committed 40704K, reserved 1089536K
  class space    used 5351K, committed 5504K, reserved 1048576K
}
Event: 5.122 GC heap before
{Heap before GC invocations=10 (full 0):
 garbage-first heap   total 68608K, used 54322K [0x0000000080000000, 0x0000000100000000)
  region size 1024K, 23 young (23552K), 1 survivors (1024K)
 Metaspace       used 43082K, committed 43456K, reserved 1089536K
  class space    used 5662K, committed 5824K, reserved 1048576K
}
Event: 5.125 GC heap after
{Heap after GC invocations=11 (full 0):
 garbage-first heap   total 154624K, used 30515K [0x0000000080000000, 0x0000000100000000)
  region size 1024K, 3 young (3072K), 3 survivors (3072K)
 Metaspace       used 43082K, committed 43456K, reserved 1089536K
  class space    used 5662K, committed 5824K, reserved 1048576K
}

