# JRE version: OpenJDK Runtime Environment (17.0.6) (build 17.0.6+0-b2043.56-10027231)
# Java VM: OpenJDK 64-Bit Server VM (17.0.6+0-b2043.56-10027231, mixed mode, tiered, compressed oops, compressed class ptrs, g1 gc, windows-amd64)
GC Precious Log:
 CPUs: 8 total, 8 available
 Memory: 7502M
 Large Page Support: Disabled
 NUMA Support: Disabled
 Compressed Oops: Enabled (32-bit)
 Heap Region Size: 1M
 Heap Min Capacity: 8M
 Heap Initial Capacity: 118M
 Heap Max Capacity: 2G
 Pre-touch: Disabled
 Parallel Workers: 8
 Concurrent Workers: 2
 Concurrent Refinement Workers: 8
 Periodic GC: Disabled
Heap:
 garbage-first heap   total 199680K, used 115268K [0x0000000080000000, 0x0000000100000000)
  region size 1024K, 1 young (1024K), 1 survivors (1024K)
 Metaspace       used 97542K, committed 98304K, reserved 1138688K
  class space    used 13013K, committed 13440K, reserved 1048576K
GC Heap History (20 events):
Event: 8.097 GC heap after
{Heap after GC invocations=22 (full 0):
 garbage-first heap   total 146432K, used 62506K [0x0000000080000000, 0x0000000100000000)
  region size 1024K, 5 young (5120K), 5 survivors (5120K)
 Metaspace       used 69115K, committed 69696K, reserved 1114112K
  class space    used 9128K, committed 9408K, reserved 1048576K
}
Event: 8.854 GC heap before
{Heap before GC invocations=23 (full 0):
 garbage-first heap   total 146432K, used 107562K [0x0000000080000000, 0x0000000100000000)
  region size 1024K, 49 young (50176K), 5 survivors (5120K)
 Metaspace       used 74476K, committed 75008K, reserved 1114112K
  class space    used 9843K, committed 10112K, reserved 1048576K
}
Event: 8.858 GC heap after
{Heap after GC invocations=24 (full 0):
 garbage-first heap   total 146432K, used 65310K [0x0000000080000000, 0x0000000100000000)
  region size 1024K, 6 young (6144K), 6 survivors (6144K)
 Metaspace       used 74476K, committed 75008K, reserved 1114112K
  class space    used 9843K, committed 10112K, reserved 1048576K
}
Event: 8.873 GC heap before
{Heap before GC invocations=24 (full 0):
 garbage-first heap   total 146432K, used 66334K [0x0000000080000000, 0x0000000100000000)
  region size 1024K, 7 young (7168K), 6 survivors (6144K)
 Metaspace       used 74590K, committed 75136K, reserved 1114112K
  class space    used 9855K, committed 10112K, reserved 1048576K
}
Event: 8.877 GC heap after
{Heap after GC invocations=25 (full 0):
 garbage-first heap   total 146432K, used 65536K [0x0000000080000000, 0x0000000100000000)
  region size 1024K, 1 young (1024K), 1 survivors (1024K)
 Metaspace       used 74590K, committed 75136K, reserved 1114112K
  class space    used 9855K, committed 10112K, reserved 1048576K
}
Event: 9.526 GC heap before
{Heap before GC invocations=25 (full 0):
 garbage-first heap   total 146432K, used 112640K [0x0000000080000000, 0x0000000100000000)
  region size 1024K, 47 young (48128K), 1 survivors (1024K)
 Metaspace       used 77877K, committed 78464K, reserved 1122304K
  class space    used 10275K, committed 10560K, reserved 1048576K
}
Event: 9.531 GC heap after
{Heap after GC invocations=26 (full 0):
 garbage-first heap   total 146432K, used 69966K [0x0000000080000000, 0x0000000100000000)
  region size 1024K, 6 young (6144K), 6 survivors (6144K)
 Metaspace       used 77877K, committed 78464K, reserved 1122304K
  class space    used 10275K, committed 10560K, reserved 1048576K
}
Event: 10.268 GC heap before
{Heap before GC invocations=26 (full 0):
 garbage-first heap   total 146432K, used 112974K [0x0000000080000000, 0x0000000100000000)
  region size 1024K, 48 young (49152K), 6 survivors (6144K)
 Metaspace       used 82903K, committed 83520K, reserved 1122304K
  class space    used 11173K, committed 11456K, reserved 1048576K
}
Event: 10.273 GC heap after
{Heap after GC invocations=27 (full 0):
 garbage-first heap   total 146432K, used 72614K [0x0000000080000000, 0x0000000100000000)
  region size 1024K, 3 young (3072K), 3 survivors (3072K)
 Metaspace       used 82903K, committed 83520K, reserved 1122304K
  class space    used 11173K, committed 11456K, reserved 1048576K
}
Event: 10.997 GC heap before
{Heap before GC invocations=27 (full 0):
 garbage-first heap   total 146432K, used 115622K [0x0000000080000000, 0x0000000100000000)
  region size 1024K, 45 young (46080K), 3 survivors (3072K)
 Metaspace       used 87292K, committed 87872K, reserved 1130496K
  class space    used 11822K, committed 12096K, reserved 1048576K
}
Event: 11.003 GC heap after
{Heap after GC invocations=28 (full 0):
 garbage-first heap   total 146432K, used 75693K [0x0000000080000000, 0x0000000100000000)
  region size 1024K, 6 young (6144K), 6 survivors (6144K)
 Metaspace       used 87292K, committed 87872K, reserved 1130496K
  class space    used 11822K, committed 12096K, reserved 1048576K
}
Event: 11.626 GC heap before
{Heap before GC invocations=29 (full 0):
 garbage-first heap   total 146432K, used 116653K [0x0000000080000000, 0x0000000100000000)
  region size 1024K, 46 young (47104K), 6 survivors (6144K)
 Metaspace       used 92053K, committed 92736K, reserved 1130496K
  class space    used 12427K, committed 12736K, reserved 1048576K
}
Event: 11.637 GC heap after
{Heap after GC invocations=30 (full 0):
 garbage-first heap   total 146432K, used 81076K [0x0000000080000000, 0x0000000100000000)
  region size 1024K, 6 young (6144K), 6 survivors (6144K)
 Metaspace       used 92053K, committed 92736K, reserved 1130496K
  class space    used 12427K, committed 12736K, reserved 1048576K
}
Event: 11.658 GC heap before
{Heap before GC invocations=30 (full 0):
 garbage-first heap   total 146432K, used 82100K [0x0000000080000000, 0x0000000100000000)
  region size 1024K, 7 young (7168K), 6 survivors (6144K)
 Metaspace       used 92318K, committed 92928K, reserved 1130496K
  class space    used 12458K, committed 12736K, reserved 1048576K
}
Event: 11.662 GC heap after
{Heap after GC invocations=31 (full 0):
 garbage-first heap   total 146432K, used 80940K [0x0000000080000000, 0x0000000100000000)
  region size 1024K, 1 young (1024K), 1 survivors (1024K)
 Metaspace       used 92318K, committed 92928K, reserved 1130496K
  class space    used 12458K, committed 12736K, reserved 1048576K
}
Event: 20.012 GC heap before
{Heap before GC invocations=31 (full 0):
 garbage-first heap   total 146432K, used 137260K [0x0000000080000000, 0x0000000100000000)
  region size 1024K, 33 young (33792K), 1 survivors (1024K)
 Metaspace       used 96693K, committed 97408K, reserved 1138688K
  class space    used 12903K, committed 13312K, reserved 1048576K
}
Event: 20.017 GC heap after
{Heap after GC invocations=32 (full 0):
 garbage-first heap   total 147456K, used 113403K [0x0000000080000000, 0x0000000100000000)
  region size 1024K, 5 young (5120K), 5 survivors (5120K)
 Metaspace       used 96693K, committed 97408K, reserved 1138688K
  class space    used 12903K, committed 13312K, reserved 1048576K
}
Event: 20.261 GC heap before
{Heap before GC invocations=33 (full 0):
 garbage-first heap   total 199680K, used 129787K [0x0000000080000000, 0x0000000100000000)
  region size 1024K, 18 young (18432K), 5 survivors (5120K)
 Metaspace       used 97542K, committed 98304K, reserved 1138688K
  class space    used 13013K, committed 13440K, reserved 1048576K
}
Event: 20.265 GC heap after
{Heap after GC invocations=34 (full 0):
 garbage-first heap   total 199680K, used 117756K [0x0000000080000000, 0x0000000100000000)
  region size 1024K, 2 young (2048K), 2 survivors (2048K)
 Metaspace       used 97542K, committed 98304K, reserved 1138688K
  class space    used 13013K, committed 13440K, reserved 1048576K
}
Event: 20.276 GC heap before
{Heap before GC invocations=34 (full 0):
 garbage-first heap   total 199680K, used 124924K [0x0000000080000000, 0x0000000100000000)
  region size 1024K, 9 young (9216K), 2 survivors (2048K)
 Metaspace       used 97542K, committed 98304K, reserved 1138688K
  class space    used 13013K, committed 13440K, reserved 1048576K
}

