# JRE version: OpenJDK Runtime Environment (17.0.6) (build 17.0.6+0-b2043.56-10027231)
# Java VM: OpenJDK 64-Bit Server VM (17.0.6+0-b2043.56-10027231, mixed mode, tiered, compressed oops, compressed class ptrs, g1 gc, windows-amd64)
GC Precious Log:
 CPUs: 8 total, 8 available
 Memory: 7502M
 Large Page Support: Disabled
 NUMA Support: Disabled
 Compressed Oops: Enabled (32-bit)
 Heap Region Size: 1M
 Heap Min Capacity: 8M
 Heap Initial Capacity: 118M
 Heap Max Capacity: 2G
 Pre-touch: Disabled
 Parallel Workers: 8
 Concurrent Workers: 2
 Concurrent Refinement Workers: 8
 Periodic GC: Disabled
Heap:
 garbage-first heap   total 290816K, used 179615K [0x0000000080000000, 0x0000000100000000)
  region size 1024K, 11 young (11264K), 7 survivors (7168K)
 Metaspace       used 96466K, committed 97280K, reserved 1138688K
  class space    used 13017K, committed 13376K, reserved 1048576K
GC Heap History (20 events):
Event: 12.138 GC heap before
{Heap before GC invocations=35 (full 0):
 garbage-first heap   total 241664K, used 195678K [0x0000000080000000, 0x0000000100000000)
  region size 1024K, 86 young (88064K), 2 survivors (2048K)
 Metaspace       used 91308K, committed 92032K, reserved 1130496K
  class space    used 12297K, committed 12608K, reserved 1048576K
}
Event: 12.145 GC heap after
{Heap after GC invocations=36 (full 0):
 garbage-first heap   total 241664K, used 115291K [0x0000000080000000, 0x0000000100000000)
  region size 1024K, 9 young (9216K), 9 survivors (9216K)
 Metaspace       used 91308K, committed 92032K, reserved 1130496K
  class space    used 12297K, committed 12608K, reserved 1048576K
}
Event: 12.176 GC heap before
{Heap before GC invocations=36 (full 0):
 garbage-first heap   total 241664K, used 117339K [0x0000000080000000, 0x0000000100000000)
  region size 1024K, 11 young (11264K), 9 survivors (9216K)
 Metaspace       used 91405K, committed 92096K, reserved 1130496K
  class space    used 12302K, committed 12608K, reserved 1048576K
}
Event: 12.182 GC heap after
{Heap after GC invocations=37 (full 0):
 garbage-first heap   total 241664K, used 116187K [0x0000000080000000, 0x0000000100000000)
  region size 1024K, 2 young (2048K), 2 survivors (2048K)
 Metaspace       used 91405K, committed 92096K, reserved 1130496K
  class space    used 12302K, committed 12608K, reserved 1048576K
}
Event: 13.183 GC heap before
{Heap before GC invocations=37 (full 0):
 garbage-first heap   total 241664K, used 221659K [0x0000000080000000, 0x0000000100000000)
  region size 1024K, 80 young (81920K), 2 survivors (2048K)
 Metaspace       used 96408K, committed 97152K, reserved 1138688K
  class space    used 13013K, committed 13376K, reserved 1048576K
}
Event: 13.193 GC heap after
{Heap after GC invocations=38 (full 0):
 garbage-first heap   total 241664K, used 155975K [0x0000000080000000, 0x0000000100000000)
  region size 1024K, 10 young (10240K), 10 survivors (10240K)
 Metaspace       used 96408K, committed 97152K, reserved 1138688K
  class space    used 13013K, committed 13376K, reserved 1048576K
}
Event: 13.577 GC heap before
{Heap before GC invocations=38 (full 0):
 garbage-first heap   total 241664K, used 197959K [0x0000000080000000, 0x0000000100000000)
  region size 1024K, 52 young (53248K), 10 survivors (10240K)
 Metaspace       used 96422K, committed 97152K, reserved 1138688K
  class space    used 13013K, committed 13376K, reserved 1048576K
}
Event: 13.590 GC heap after
{Heap after GC invocations=39 (full 0):
 garbage-first heap   total 241664K, used 165811K [0x0000000080000000, 0x0000000100000000)
  region size 1024K, 7 young (7168K), 7 survivors (7168K)
 Metaspace       used 96422K, committed 97152K, reserved 1138688K
  class space    used 13013K, committed 13376K, reserved 1048576K
}
Event: 14.232 GC heap before
{Heap before GC invocations=39 (full 0):
 garbage-first heap   total 241664K, used 196531K [0x0000000080000000, 0x0000000100000000)
  region size 1024K, 37 young (37888K), 7 survivors (7168K)
 Metaspace       used 96457K, committed 97216K, reserved 1138688K
  class space    used 13016K, committed 13376K, reserved 1048576K
}
Event: 14.239 GC heap after
{Heap after GC invocations=40 (full 0):
 garbage-first heap   total 241664K, used 169181K [0x0000000080000000, 0x0000000100000000)
  region size 1024K, 4 young (4096K), 4 survivors (4096K)
 Metaspace       used 96457K, committed 97216K, reserved 1138688K
  class space    used 13016K, committed 13376K, reserved 1048576K
}
Event: 14.784 GC heap before
{Heap before GC invocations=41 (full 0):
 garbage-first heap   total 290816K, used 198877K [0x0000000080000000, 0x0000000100000000)
  region size 1024K, 33 young (33792K), 4 survivors (4096K)
 Metaspace       used 96458K, committed 97216K, reserved 1138688K
  class space    used 13017K, committed 13376K, reserved 1048576K
}
Event: 14.787 GC heap after
{Heap after GC invocations=42 (full 0):
 garbage-first heap   total 290816K, used 170488K [0x0000000080000000, 0x0000000100000000)
  region size 1024K, 4 young (4096K), 4 survivors (4096K)
 Metaspace       used 96458K, committed 97216K, reserved 1138688K
  class space    used 13017K, committed 13376K, reserved 1048576K
}
Event: 15.011 GC heap before
{Heap before GC invocations=42 (full 0):
 garbage-first heap   total 290816K, used 180728K [0x0000000080000000, 0x0000000100000000)
  region size 1024K, 14 young (14336K), 4 survivors (4096K)
 Metaspace       used 96458K, committed 97216K, reserved 1138688K
  class space    used 13017K, committed 13376K, reserved 1048576K
}
Event: 15.014 GC heap after
{Heap after GC invocations=43 (full 0):
 garbage-first heap   total 290816K, used 169259K [0x0000000080000000, 0x0000000100000000)
  region size 1024K, 2 young (2048K), 2 survivors (2048K)
 Metaspace       used 96458K, committed 97216K, reserved 1138688K
  class space    used 13017K, committed 13376K, reserved 1048576K
}
Event: 15.957 GC heap before
{Heap before GC invocations=43 (full 0):
 garbage-first heap   total 290816K, used 233771K [0x0000000080000000, 0x0000000100000000)
  region size 1024K, 65 young (66560K), 2 survivors (2048K)
 Metaspace       used 96463K, committed 97280K, reserved 1138688K
  class space    used 13017K, committed 13376K, reserved 1048576K
}
Event: 15.960 GC heap after
{Heap after GC invocations=44 (full 0):
 garbage-first heap   total 290816K, used 172053K [0x0000000080000000, 0x0000000100000000)
  region size 1024K, 5 young (5120K), 5 survivors (5120K)
 Metaspace       used 96463K, committed 97280K, reserved 1138688K
  class space    used 13017K, committed 13376K, reserved 1048576K
}
Event: 17.950 GC heap before
{Heap before GC invocations=44 (full 0):
 garbage-first heap   total 290816K, used 237589K [0x0000000080000000, 0x0000000100000000)
  region size 1024K, 69 young (70656K), 5 survivors (5120K)
 Metaspace       used 96466K, committed 97280K, reserved 1138688K
  class space    used 13017K, committed 13376K, reserved 1048576K
}
Event: 17.954 GC heap after
{Heap after GC invocations=45 (full 0):
 garbage-first heap   total 290816K, used 174192K [0x0000000080000000, 0x0000000100000000)
  region size 1024K, 7 young (7168K), 7 survivors (7168K)
 Metaspace       used 96466K, committed 97280K, reserved 1138688K
  class space    used 13017K, committed 13376K, reserved 1048576K
}
Event: 19.186 GC heap before
{Heap before GC invocations=45 (full 0):
 garbage-first heap   total 290816K, used 239728K [0x0000000080000000, 0x0000000100000000)
  region size 1024K, 71 young (72704K), 7 survivors (7168K)
 Metaspace       used 96466K, committed 97280K, reserved 1138688K
  class space    used 13017K, committed 13376K, reserved 1048576K
}
Event: 19.191 GC heap after
{Heap after GC invocations=46 (full 0):
 garbage-first heap   total 290816K, used 176543K [0x0000000080000000, 0x0000000100000000)
  region size 1024K, 7 young (7168K), 7 survivors (7168K)
 Metaspace       used 96466K, committed 97280K, reserved 1138688K
  class space    used 13017K, committed 13376K, reserved 1048576K
}

