# JRE version: OpenJDK Runtime Environment (17.0.6) (build 17.0.6+0-b2043.56-10027231)
# Java VM: OpenJDK 64-Bit Server VM (17.0.6+0-b2043.56-10027231, mixed mode, tiered, compressed oops, compressed class ptrs, g1 gc, windows-amd64)
GC Precious Log:
 CPUs: 8 total, 8 available
 Memory: 7502M
 Large Page Support: Disabled
 NUMA Support: Disabled
 Compressed Oops: Enabled (32-bit)
 Heap Region Size: 1M
 Heap Min Capacity: 8M
 Heap Initial Capacity: 118M
 Heap Max Capacity: 2G
 Pre-touch: Disabled
 Parallel Workers: 8
 Concurrent Workers: 2
 Concurrent Refinement Workers: 8
 Periodic GC: Disabled
Heap:
 garbage-first heap   total 163840K, used 106849K [0x0000000080000000, 0x0000000100000000)
  region size 1024K, 3 young (3072K), 3 survivors (3072K)
 Metaspace       used 102631K, committed 103360K, reserved 1138688K
  class space    used 13898K, committed 14272K, reserved 1048576K
GC Heap History (20 events):
Event: 9.179 GC heap after
{Heap after GC invocations=24 (full 0):
 garbage-first heap   total 163840K, used 64139K [0x0000000080000000, 0x0000000100000000)
  region size 1024K, 8 young (8192K), 8 survivors (8192K)
 Metaspace       used 70580K, committed 71168K, reserved 1114112K
  class space    used 9322K, committed 9600K, reserved 1048576K
}
Event: 9.197 GC heap before
{Heap before GC invocations=24 (full 0):
 garbage-first heap   total 163840K, used 65163K [0x0000000080000000, 0x0000000100000000)
  region size 1024K, 9 young (9216K), 8 survivors (8192K)
 Metaspace       used 70685K, committed 71296K, reserved 1114112K
  class space    used 9337K, committed 9600K, reserved 1048576K
}
Event: 9.203 GC heap after
{Heap after GC invocations=25 (full 0):
 garbage-first heap   total 163840K, used 64878K [0x0000000080000000, 0x0000000100000000)
  region size 1024K, 2 young (2048K), 2 survivors (2048K)
 Metaspace       used 70685K, committed 71296K, reserved 1114112K
  class space    used 9337K, committed 9600K, reserved 1048576K
}
Event: 10.024 GC heap before
{Heap before GC invocations=25 (full 0):
 garbage-first heap   total 163840K, used 127342K [0x0000000080000000, 0x0000000100000000)
  region size 1024K, 63 young (64512K), 2 survivors (2048K)
 Metaspace       used 76447K, committed 77056K, reserved 1122304K
  class space    used 10084K, committed 10368K, reserved 1048576K
}
Event: 10.030 GC heap after
{Heap after GC invocations=26 (full 0):
 garbage-first heap   total 163840K, used 70166K [0x0000000080000000, 0x0000000100000000)
  region size 1024K, 7 young (7168K), 7 survivors (7168K)
 Metaspace       used 76447K, committed 77056K, reserved 1122304K
  class space    used 10084K, committed 10368K, reserved 1048576K
}
Event: 10.965 GC heap before
{Heap before GC invocations=26 (full 0):
 garbage-first heap   total 163840K, used 127510K [0x0000000080000000, 0x0000000100000000)
  region size 1024K, 63 young (64512K), 7 survivors (7168K)
 Metaspace       used 82770K, committed 83392K, reserved 1122304K
  class space    used 11154K, committed 11456K, reserved 1048576K
}
Event: 10.971 GC heap after
{Heap after GC invocations=27 (full 0):
 garbage-first heap   total 163840K, used 73163K [0x0000000080000000, 0x0000000100000000)
  region size 1024K, 4 young (4096K), 4 survivors (4096K)
 Metaspace       used 82770K, committed 83392K, reserved 1122304K
  class space    used 11154K, committed 11456K, reserved 1048576K
}
Event: 11.944 GC heap before
{Heap before GC invocations=27 (full 0):
 garbage-first heap   total 163840K, used 130507K [0x0000000080000000, 0x0000000100000000)
  region size 1024K, 60 young (61440K), 4 survivors (4096K)
 Metaspace       used 88432K, committed 89088K, reserved 1130496K
  class space    used 11962K, committed 12288K, reserved 1048576K
}
Event: 11.950 GC heap after
{Heap after GC invocations=28 (full 0):
 garbage-first heap   total 163840K, used 77431K [0x0000000080000000, 0x0000000100000000)
  region size 1024K, 8 young (8192K), 8 survivors (8192K)
 Metaspace       used 88432K, committed 89088K, reserved 1130496K
  class space    used 11962K, committed 12288K, reserved 1048576K
}
Event: 12.670 GC heap before
{Heap before GC invocations=28 (full 0):
 garbage-first heap   total 163840K, used 131703K [0x0000000080000000, 0x0000000100000000)
  region size 1024K, 61 young (62464K), 8 survivors (8192K)
 Metaspace       used 94265K, committed 94912K, reserved 1130496K
  class space    used 12798K, committed 13120K, reserved 1048576K
}
Event: 12.677 GC heap after
{Heap after GC invocations=29 (full 0):
 garbage-first heap   total 163840K, used 82031K [0x0000000080000000, 0x0000000100000000)
  region size 1024K, 5 young (5120K), 5 survivors (5120K)
 Metaspace       used 94265K, committed 94912K, reserved 1130496K
  class space    used 12798K, committed 13120K, reserved 1048576K
}
Event: 13.066 GC heap before
{Heap before GC invocations=29 (full 0):
 garbage-first heap   total 163840K, used 133231K [0x0000000080000000, 0x0000000100000000)
  region size 1024K, 55 young (56320K), 5 survivors (5120K)
 Metaspace       used 95450K, committed 96128K, reserved 1138688K
  class space    used 12957K, committed 13248K, reserved 1048576K
}
Event: 13.076 GC heap after
{Heap after GC invocations=30 (full 0):
 garbage-first heap   total 163840K, used 88932K [0x0000000080000000, 0x0000000100000000)
  region size 1024K, 7 young (7168K), 7 survivors (7168K)
 Metaspace       used 95450K, committed 96128K, reserved 1138688K
  class space    used 12957K, committed 13248K, reserved 1048576K
}
Event: 13.847 GC heap before
{Heap before GC invocations=30 (full 0):
 garbage-first heap   total 163840K, used 132964K [0x0000000080000000, 0x0000000100000000)
  region size 1024K, 50 young (51200K), 7 survivors (7168K)
 Metaspace       used 98729K, committed 99456K, reserved 1138688K
  class space    used 13373K, committed 13696K, reserved 1048576K
}
Event: 13.857 GC heap after
{Heap after GC invocations=31 (full 0):
 garbage-first heap   total 163840K, used 96256K [0x0000000080000000, 0x0000000100000000)
  region size 1024K, 7 young (7168K), 7 survivors (7168K)
 Metaspace       used 98729K, committed 99456K, reserved 1138688K
  class space    used 13373K, committed 13696K, reserved 1048576K
}
Event: 14.281 GC heap before
{Heap before GC invocations=31 (full 0):
 garbage-first heap   total 163840K, used 132096K [0x0000000080000000, 0x0000000100000000)
  region size 1024K, 43 young (44032K), 7 survivors (7168K)
 Metaspace       used 99668K, committed 100416K, reserved 1138688K
  class space    used 13532K, committed 13888K, reserved 1048576K
}
Event: 14.289 GC heap after
{Heap after GC invocations=32 (full 0):
 garbage-first heap   total 163840K, used 102366K [0x0000000080000000, 0x0000000100000000)
  region size 1024K, 6 young (6144K), 6 survivors (6144K)
 Metaspace       used 99668K, committed 100416K, reserved 1138688K
  class space    used 13532K, committed 13888K, reserved 1048576K
}
Event: 14.538 GC heap before
{Heap before GC invocations=32 (full 0):
 garbage-first heap   total 163840K, used 133086K [0x0000000080000000, 0x0000000100000000)
  region size 1024K, 37 young (37888K), 6 survivors (6144K)
 Metaspace       used 99847K, committed 100608K, reserved 1138688K
  class space    used 13533K, committed 13888K, reserved 1048576K
}
Event: 14.543 GC heap after
{Heap after GC invocations=33 (full 0):
 garbage-first heap   total 163840K, used 104591K [0x0000000080000000, 0x0000000100000000)
  region size 1024K, 5 young (5120K), 5 survivors (5120K)
 Metaspace       used 99847K, committed 100608K, reserved 1138688K
  class space    used 13533K, committed 13888K, reserved 1048576K
}
Event: 15.061 GC heap before
{Heap before GC invocations=33 (full 0):
 garbage-first heap   total 163840K, used 133263K [0x0000000080000000, 0x0000000100000000)
  region size 1024K, 34 young (34816K), 5 survivors (5120K)
 Metaspace       used 102631K, committed 103360K, reserved 1138688K
  class space    used 13898K, committed 14272K, reserved 1048576K
}

