# JRE version: OpenJDK Runtime Environment (17.0.6) (build 17.0.6+0-b2043.56-10027231)
# Java VM: OpenJDK 64-Bit Server VM (17.0.6+0-b2043.56-10027231, mixed mode, tiered, compressed oops, compressed class ptrs, g1 gc, windows-amd64)
GC Precious Log:
 CPUs: 8 total, 8 available
 Memory: 7502M
 Large Page Support: Disabled
 NUMA Support: Disabled
 Compressed Oops: Enabled (32-bit)
 Heap Region Size: 1M
 Heap Min Capacity: 8M
 Heap Initial Capacity: 118M
 Heap Max Capacity: 2G
 Pre-touch: Disabled
 Parallel Workers: 8
 Concurrent Workers: 2
 Concurrent Refinement Workers: 8
 Periodic GC: Disabled
Heap:
 garbage-first heap   total 301056K, used 166679K [0x0000000080000000, 0x0000000100000000)
  region size 1024K, 7 young (7168K), 7 survivors (7168K)
 Metaspace       used 118970K, committed 119744K, reserved 1155072K
  class space    used 15549K, committed 15872K, reserved 1048576K
GC Heap History (20 events):
Event: 9.691 GC heap after
{Heap after GC invocations=35 (full 0):
 garbage-first heap   total 282624K, used 98721K [0x0000000080000000, 0x0000000100000000)
  region size 1024K, 8 young (8192K), 8 survivors (8192K)
 Metaspace       used 72637K, committed 73280K, reserved 1114112K
  class space    used 9646K, committed 9984K, reserved 1048576K
}
Event: 9.785 GC heap before
{Heap before GC invocations=35 (full 0):
 garbage-first heap   total 282624K, used 103841K [0x0000000080000000, 0x0000000100000000)
  region size 1024K, 13 young (13312K), 8 survivors (8192K)
 Metaspace       used 73065K, committed 73792K, reserved 1114112K
  class space    used 9708K, committed 10048K, reserved 1048576K
}
Event: 9.791 GC heap after
{Heap after GC invocations=36 (full 0):
 garbage-first heap   total 282624K, used 99322K [0x0000000080000000, 0x0000000100000000)
  region size 1024K, 1 young (1024K), 1 survivors (1024K)
 Metaspace       used 73065K, committed 73792K, reserved 1114112K
  class space    used 9708K, committed 10048K, reserved 1048576K
}
Event: 11.153 GC heap before
{Heap before GC invocations=36 (full 0):
 garbage-first heap   total 282624K, used 210938K [0x0000000080000000, 0x0000000100000000)
  region size 1024K, 106 young (108544K), 1 survivors (1024K)
 Metaspace       used 84819K, committed 85568K, reserved 1130496K
  class space    used 11196K, committed 11520K, reserved 1048576K
}
Event: 11.163 GC heap after
{Heap after GC invocations=37 (full 0):
 garbage-first heap   total 282624K, used 115160K [0x0000000080000000, 0x0000000100000000)
  region size 1024K, 13 young (13312K), 13 survivors (13312K)
 Metaspace       used 84819K, committed 85568K, reserved 1130496K
  class space    used 11196K, committed 11520K, reserved 1048576K
}
Event: 11.757 GC heap before
{Heap before GC invocations=37 (full 0):
 garbage-first heap   total 282624K, used 155096K [0x0000000080000000, 0x0000000100000000)
  region size 1024K, 53 young (54272K), 13 survivors (13312K)
 Metaspace       used 92525K, committed 93248K, reserved 1130496K
  class space    used 12665K, committed 12992K, reserved 1048576K
}
Event: 11.763 GC heap after
{Heap after GC invocations=38 (full 0):
 garbage-first heap   total 282624K, used 112895K [0x0000000080000000, 0x0000000100000000)
  region size 1024K, 3 young (3072K), 3 survivors (3072K)
 Metaspace       used 92525K, committed 93248K, reserved 1130496K
  class space    used 12665K, committed 12992K, reserved 1048576K
}
Event: 12.386 GC heap before
{Heap before GC invocations=39 (full 0):
 garbage-first heap   total 282624K, used 219391K [0x0000000080000000, 0x0000000100000000)
  region size 1024K, 101 young (103424K), 3 survivors (3072K)
 Metaspace       used 93949K, committed 94720K, reserved 1130496K
  class space    used 12855K, committed 13184K, reserved 1048576K
}
Event: 12.405 GC heap after
{Heap after GC invocations=40 (full 0):
 garbage-first heap   total 282624K, used 137522K [0x0000000080000000, 0x0000000100000000)
  region size 1024K, 13 young (13312K), 13 survivors (13312K)
 Metaspace       used 93949K, committed 94720K, reserved 1130496K
  class space    used 12855K, committed 13184K, reserved 1048576K
}
Event: 12.419 GC heap before
{Heap before GC invocations=40 (full 0):
 garbage-first heap   total 282624K, used 138546K [0x0000000080000000, 0x0000000100000000)
  region size 1024K, 14 young (14336K), 13 survivors (13312K)
 Metaspace       used 94089K, committed 94848K, reserved 1138688K
  class space    used 12868K, committed 13184K, reserved 1048576K
}
Event: 12.428 GC heap after
{Heap after GC invocations=41 (full 0):
 garbage-first heap   total 282624K, used 139578K [0x0000000080000000, 0x0000000100000000)
  region size 1024K, 2 young (2048K), 2 survivors (2048K)
 Metaspace       used 94089K, committed 94848K, reserved 1138688K
  class space    used 12868K, committed 13184K, reserved 1048576K
}
Event: 13.483 GC heap before
{Heap before GC invocations=41 (full 0):
 garbage-first heap   total 282624K, used 219450K [0x0000000080000000, 0x0000000100000000)
  region size 1024K, 74 young (75776K), 2 survivors (2048K)
 Metaspace       used 102686K, committed 103424K, reserved 1138688K
  class space    used 13687K, committed 14016K, reserved 1048576K
}
Event: 13.489 GC heap after
{Heap after GC invocations=42 (full 0):
 garbage-first heap   total 282624K, used 152450K [0x0000000080000000, 0x0000000100000000)
  region size 1024K, 9 young (9216K), 9 survivors (9216K)
 Metaspace       used 102686K, committed 103424K, reserved 1138688K
  class space    used 13687K, committed 14016K, reserved 1048576K
}
Event: 14.449 GC heap before
{Heap before GC invocations=42 (full 0):
 garbage-first heap   total 282624K, used 214914K [0x0000000080000000, 0x0000000100000000)
  region size 1024K, 71 young (72704K), 9 survivors (9216K)
 Metaspace       used 111097K, committed 111872K, reserved 1146880K
  class space    used 14740K, committed 15104K, reserved 1048576K
}
Event: 14.457 GC heap after
{Heap after GC invocations=43 (full 0):
 garbage-first heap   total 282624K, used 156357K [0x0000000080000000, 0x0000000100000000)
  region size 1024K, 4 young (4096K), 4 survivors (4096K)
 Metaspace       used 111097K, committed 111872K, reserved 1146880K
  class space    used 14740K, committed 15104K, reserved 1048576K
}
Event: 15.210 GC heap before
{Heap before GC invocations=44 (full 0):
 garbage-first heap   total 301056K, used 225989K [0x0000000080000000, 0x0000000100000000)
  region size 1024K, 71 young (72704K), 4 survivors (4096K)
 Metaspace       used 113477K, committed 114240K, reserved 1155072K
  class space    used 15008K, committed 15360K, reserved 1048576K
}
Event: 15.216 GC heap after
{Heap after GC invocations=45 (full 0):
 garbage-first heap   total 301056K, used 160552K [0x0000000080000000, 0x0000000100000000)
  region size 1024K, 9 young (9216K), 9 survivors (9216K)
 Metaspace       used 113477K, committed 114240K, reserved 1155072K
  class space    used 15008K, committed 15360K, reserved 1048576K
}
Event: 15.295 GC heap before
{Heap before GC invocations=45 (full 0):
 garbage-first heap   total 301056K, used 165672K [0x0000000080000000, 0x0000000100000000)
  region size 1024K, 14 young (14336K), 9 survivors (9216K)
 Metaspace       used 113480K, committed 114240K, reserved 1155072K
  class space    used 15008K, committed 15360K, reserved 1048576K
}
Event: 15.302 GC heap after
{Heap after GC invocations=46 (full 0):
 garbage-first heap   total 301056K, used 160896K [0x0000000080000000, 0x0000000100000000)
  region size 1024K, 2 young (2048K), 2 survivors (2048K)
 Metaspace       used 113480K, committed 114240K, reserved 1155072K
  class space    used 15008K, committed 15360K, reserved 1048576K
}
Event: 16.419 GC heap before
{Heap before GC invocations=46 (full 0):
 garbage-first heap   total 301056K, used 239744K [0x0000000080000000, 0x0000000100000000)
  region size 1024K, 79 young (80896K), 2 survivors (2048K)
 Metaspace       used 118970K, committed 119744K, reserved 1155072K
  class space    used 15549K, committed 15872K, reserved 1048576K
}

