# JRE version: OpenJDK Runtime Environment (17.0.6) (build 17.0.6+0-b2043.56-10027231)
# Java VM: OpenJDK 64-Bit Server VM (17.0.6+0-b2043.56-10027231, mixed mode, tiered, compressed oops, compressed class ptrs, g1 gc, windows-amd64)
GC Precious Log:
 CPUs: 8 total, 8 available
 Memory: 7502M
 Large Page Support: Disabled
 NUMA Support: Disabled
 Compressed Oops: Enabled (32-bit)
 Heap Region Size: 1M
 Heap Min Capacity: 8M
 Heap Initial Capacity: 118M
 Heap Max Capacity: 2G
 Pre-touch: Disabled
 Parallel Workers: 8
 Concurrent Workers: 2
 Concurrent Refinement Workers: 8
 Periodic GC: Disabled
Heap:
 garbage-first heap   total 171008K, used 139700K [0x0000000080000000, 0x0000000100000000)
  region size 1024K, 29 young (29696K), 5 survivors (5120K)
 Metaspace       used 91498K, committed 92160K, reserved 1130496K
  class space    used 12569K, committed 12864K, reserved 1048576K
GC Heap History (20 events):
Event: 8.177 GC heap before
{Heap before GC invocations=29 (full 0):
 garbage-first heap   total 146432K, used 125354K [0x0000000080000000, 0x0000000100000000)
  region size 1024K, 43 young (44032K), 6 survivors (6144K)
 Metaspace       used 64568K, committed 65280K, reserved 1105920K
  class space    used 9119K, committed 9408K, reserved 1048576K
}
Event: 8.182 GC heap after
{Heap after GC invocations=30 (full 0):
 garbage-first heap   total 146432K, used 93644K [0x0000000080000000, 0x0000000100000000)
  region size 1024K, 6 young (6144K), 6 survivors (6144K)
 Metaspace       used 64568K, committed 65280K, reserved 1105920K
  class space    used 9119K, committed 9408K, reserved 1048576K
}
Event: 8.197 GC heap before
{Heap before GC invocations=30 (full 0):
 garbage-first heap   total 146432K, used 94668K [0x0000000080000000, 0x0000000100000000)
  region size 1024K, 7 young (7168K), 6 survivors (6144K)
 Metaspace       used 64792K, committed 65472K, reserved 1105920K
  class space    used 9136K, committed 9408K, reserved 1048576K
}
Event: 8.201 GC heap after
{Heap after GC invocations=31 (full 0):
 garbage-first heap   total 146432K, used 93194K [0x0000000080000000, 0x0000000100000000)
  region size 1024K, 1 young (1024K), 1 survivors (1024K)
 Metaspace       used 64792K, committed 65472K, reserved 1105920K
  class space    used 9136K, committed 9408K, reserved 1048576K
}
Event: 8.659 GC heap before
{Heap before GC invocations=31 (full 0):
 garbage-first heap   total 146432K, used 119818K [0x0000000080000000, 0x0000000100000000)
  region size 1024K, 28 young (28672K), 1 survivors (1024K)
 Metaspace       used 69737K, committed 70464K, reserved 1114112K
  class space    used 9754K, committed 10048K, reserved 1048576K
}
Event: 8.663 GC heap after
{Heap after GC invocations=32 (full 0):
 garbage-first heap   total 146432K, used 94175K [0x0000000080000000, 0x0000000100000000)
  region size 1024K, 2 young (2048K), 2 survivors (2048K)
 Metaspace       used 69737K, committed 70464K, reserved 1114112K
  class space    used 9754K, committed 10048K, reserved 1048576K
}
Event: 8.998 GC heap before
{Heap before GC invocations=33 (full 0):
 garbage-first heap   total 162816K, used 127967K [0x0000000080000000, 0x0000000100000000)
  region size 1024K, 29 young (29696K), 2 survivors (2048K)
 Metaspace       used 72308K, committed 73024K, reserved 1114112K
  class space    used 10102K, committed 10432K, reserved 1048576K
}
Event: 9.002 GC heap after
{Heap after GC invocations=34 (full 0):
 garbage-first heap   total 162816K, used 97464K [0x0000000080000000, 0x0000000100000000)
  region size 1024K, 4 young (4096K), 4 survivors (4096K)
 Metaspace       used 72308K, committed 73024K, reserved 1114112K
  class space    used 10102K, committed 10432K, reserved 1048576K
}
Event: 9.043 GC heap before
{Heap before GC invocations=34 (full 0):
 garbage-first heap   total 162816K, used 100536K [0x0000000080000000, 0x0000000100000000)
  region size 1024K, 7 young (7168K), 4 survivors (4096K)
 Metaspace       used 72694K, committed 73344K, reserved 1114112K
  class space    used 10142K, committed 10432K, reserved 1048576K
}
Event: 9.046 GC heap after
{Heap after GC invocations=35 (full 0):
 garbage-first heap   total 162816K, used 97765K [0x0000000080000000, 0x0000000100000000)
  region size 1024K, 1 young (1024K), 1 survivors (1024K)
 Metaspace       used 72694K, committed 73344K, reserved 1114112K
  class space    used 10142K, committed 10432K, reserved 1048576K
}
Event: 9.478 GC heap before
{Heap before GC invocations=35 (full 0):
 garbage-first heap   total 162816K, used 132581K [0x0000000080000000, 0x0000000100000000)
  region size 1024K, 35 young (35840K), 1 survivors (1024K)
 Metaspace       used 76130K, committed 76800K, reserved 1122304K
  class space    used 10582K, committed 10880K, reserved 1048576K
}
Event: 9.480 GC heap after
{Heap after GC invocations=36 (full 0):
 garbage-first heap   total 162816K, used 99576K [0x0000000080000000, 0x0000000100000000)
  region size 1024K, 3 young (3072K), 3 survivors (3072K)
 Metaspace       used 76130K, committed 76800K, reserved 1122304K
  class space    used 10582K, committed 10880K, reserved 1048576K
}
Event: 10.066 GC heap before
{Heap before GC invocations=37 (full 0):
 garbage-first heap   total 171008K, used 133368K [0x0000000080000000, 0x0000000100000000)
  region size 1024K, 36 young (36864K), 3 survivors (3072K)
 Metaspace       used 79704K, committed 80384K, reserved 1122304K
  class space    used 11076K, committed 11392K, reserved 1048576K
}
Event: 10.070 GC heap after
{Heap after GC invocations=38 (full 0):
 garbage-first heap   total 171008K, used 101727K [0x0000000080000000, 0x0000000100000000)
  region size 1024K, 5 young (5120K), 5 survivors (5120K)
 Metaspace       used 79704K, committed 80384K, reserved 1122304K
  class space    used 11076K, committed 11392K, reserved 1048576K
}
Event: 10.101 GC heap before
{Heap before GC invocations=38 (full 0):
 garbage-first heap   total 171008K, used 104799K [0x0000000080000000, 0x0000000100000000)
  region size 1024K, 8 young (8192K), 5 survivors (5120K)
 Metaspace       used 80175K, committed 80832K, reserved 1122304K
  class space    used 11143K, committed 11456K, reserved 1048576K
}
Event: 10.104 GC heap after
{Heap after GC invocations=39 (full 0):
 garbage-first heap   total 171008K, used 101929K [0x0000000080000000, 0x0000000100000000)
  region size 1024K, 1 young (1024K), 1 survivors (1024K)
 Metaspace       used 80175K, committed 80832K, reserved 1122304K
  class space    used 11143K, committed 11456K, reserved 1048576K
}
Event: 10.638 GC heap before
{Heap before GC invocations=39 (full 0):
 garbage-first heap   total 171008K, used 140841K [0x0000000080000000, 0x0000000100000000)
  region size 1024K, 39 young (39936K), 1 survivors (1024K)
 Metaspace       used 82942K, committed 83648K, reserved 1122304K
  class space    used 11483K, committed 11776K, reserved 1048576K
}
Event: 10.641 GC heap after
{Heap after GC invocations=40 (full 0):
 garbage-first heap   total 171008K, used 106188K [0x0000000080000000, 0x0000000100000000)
  region size 1024K, 5 young (5120K), 5 survivors (5120K)
 Metaspace       used 82942K, committed 83648K, reserved 1122304K
  class space    used 11483K, committed 11776K, reserved 1048576K
}
Event: 11.249 GC heap before
{Heap before GC invocations=40 (full 0):
 garbage-first heap   total 171008K, used 145100K [0x0000000080000000, 0x0000000100000000)
  region size 1024K, 39 young (39936K), 5 survivors (5120K)
 Metaspace       used 87095K, committed 87744K, reserved 1130496K
  class space    used 12008K, committed 12288K, reserved 1048576K
}
Event: 11.257 GC heap after
{Heap after GC invocations=41 (full 0):
 garbage-first heap   total 171008K, used 116148K [0x0000000080000000, 0x0000000100000000)
  region size 1024K, 5 young (5120K), 5 survivors (5120K)
 Metaspace       used 87095K, committed 87744K, reserved 1130496K
  class space    used 12008K, committed 12288K, reserved 1048576K
}

