# JRE version: OpenJDK Runtime Environment (17.0.6) (build 17.0.6+0-b2043.56-10027231)
# Java VM: OpenJDK 64-Bit Server VM (17.0.6+0-b2043.56-10027231, mixed mode, tiered, compressed oops, compressed class ptrs, g1 gc, windows-amd64)
GC Precious Log:
 CPUs: 8 total, 8 available
 Memory: 7502M
 Large Page Support: Disabled
 NUMA Support: Disabled
 Compressed Oops: Enabled (32-bit)
 Heap Region Size: 1M
 Heap Min Capacity: 8M
 Heap Initial Capacity: 118M
 Heap Max Capacity: 2G
 Pre-touch: Disabled
 Parallel Workers: 8
 Concurrent Workers: 2
 Concurrent Refinement Workers: 8
 Periodic GC: Disabled
Heap:
 garbage-first heap   total 191488K, used 117490K [0x0000000080000000, 0x0000000100000000)
  region size 1024K, 19 young (19456K), 7 survivors (7168K)
 Metaspace       used 80954K, committed 81664K, reserved 1122304K
  class space    used 10751K, committed 11072K, reserved 1048576K
GC Heap History (20 events):
Event: 8.577 GC heap before
{Heap before GC invocations=25 (full 0):
 garbage-first heap   total 161792K, used 76154K [0x0000000080000000, 0x0000000100000000)
  region size 1024K, 7 young (7168K), 3 survivors (3072K)
 Metaspace       used 54015K, committed 54656K, reserved 1097728K
  class space    used 7267K, committed 7552K, reserved 1048576K
}
Event: 8.581 GC heap after
{Heap after GC invocations=26 (full 0):
 garbage-first heap   total 161792K, used 71933K [0x0000000080000000, 0x0000000100000000)
  region size 1024K, 1 young (1024K), 1 survivors (1024K)
 Metaspace       used 54015K, committed 54656K, reserved 1097728K
  class space    used 7267K, committed 7552K, reserved 1048576K
}
Event: 9.745 GC heap before
{Heap before GC invocations=26 (full 0):
 garbage-first heap   total 161792K, used 120061K [0x0000000080000000, 0x0000000100000000)
  region size 1024K, 49 young (50176K), 1 survivors (1024K)
 Metaspace       used 56405K, committed 57024K, reserved 1105920K
  class space    used 7573K, committed 7872K, reserved 1048576K
}
Event: 9.750 GC heap after
{Heap after GC invocations=27 (full 0):
 garbage-first heap   total 161792K, used 76007K [0x0000000080000000, 0x0000000100000000)
  region size 1024K, 5 young (5120K), 5 survivors (5120K)
 Metaspace       used 56405K, committed 57024K, reserved 1105920K
  class space    used 7573K, committed 7872K, reserved 1048576K
}
Event: 9.763 GC heap before
{Heap before GC invocations=27 (full 0):
 garbage-first heap   total 161792K, used 77031K [0x0000000080000000, 0x0000000100000000)
  region size 1024K, 7 young (7168K), 5 survivors (5120K)
 Metaspace       used 56420K, committed 57088K, reserved 1105920K
  class space    used 7574K, committed 7872K, reserved 1048576K
}
Event: 9.766 GC heap after
{Heap after GC invocations=28 (full 0):
 garbage-first heap   total 161792K, used 76603K [0x0000000080000000, 0x0000000100000000)
  region size 1024K, 1 young (1024K), 1 survivors (1024K)
 Metaspace       used 56420K, committed 57088K, reserved 1105920K
  class space    used 7574K, committed 7872K, reserved 1048576K
}
Event: 10.675 GC heap before
{Heap before GC invocations=29 (full 0):
 garbage-first heap   total 161792K, used 138043K [0x0000000080000000, 0x0000000100000000)
  region size 1024K, 51 young (52224K), 1 survivors (1024K)
 Metaspace       used 62964K, committed 63616K, reserved 1105920K
  class space    used 8362K, committed 8640K, reserved 1048576K
}
Event: 10.679 GC heap after
{Heap after GC invocations=30 (full 0):
 garbage-first heap   total 161792K, used 92974K [0x0000000080000000, 0x0000000100000000)
  region size 1024K, 7 young (7168K), 7 survivors (7168K)
 Metaspace       used 62964K, committed 63616K, reserved 1105920K
  class space    used 8362K, committed 8640K, reserved 1048576K
}
Event: 10.703 GC heap before
{Heap before GC invocations=30 (full 0):
 garbage-first heap   total 161792K, used 93998K [0x0000000080000000, 0x0000000100000000)
  region size 1024K, 8 young (8192K), 7 survivors (7168K)
 Metaspace       used 63113K, committed 63744K, reserved 1105920K
  class space    used 8378K, committed 8640K, reserved 1048576K
}
Event: 10.707 GC heap after
{Heap after GC invocations=31 (full 0):
 garbage-first heap   total 161792K, used 93163K [0x0000000080000000, 0x0000000100000000)
  region size 1024K, 1 young (1024K), 1 survivors (1024K)
 Metaspace       used 63113K, committed 63744K, reserved 1105920K
  class space    used 8378K, committed 8640K, reserved 1048576K
}
Event: 11.267 GC heap before
{Heap before GC invocations=31 (full 0):
 garbage-first heap   total 161792K, used 117739K [0x0000000080000000, 0x0000000100000000)
  region size 1024K, 26 young (26624K), 1 survivors (1024K)
 Metaspace       used 67862K, committed 68544K, reserved 1114112K
  class space    used 9011K, committed 9344K, reserved 1048576K
}
Event: 11.270 GC heap after
{Heap after GC invocations=32 (full 0):
 garbage-first heap   total 161792K, used 95274K [0x0000000080000000, 0x0000000100000000)
  region size 1024K, 3 young (3072K), 3 survivors (3072K)
 Metaspace       used 67862K, committed 68544K, reserved 1114112K
  class space    used 9011K, committed 9344K, reserved 1048576K
}
Event: 11.686 GC heap before
{Heap before GC invocations=33 (full 0):
 garbage-first heap   total 191488K, used 137258K [0x0000000080000000, 0x0000000100000000)
  region size 1024K, 38 young (38912K), 3 survivors (3072K)
 Metaspace       used 70151K, committed 70784K, reserved 1114112K
  class space    used 9319K, committed 9600K, reserved 1048576K
}
Event: 11.691 GC heap after
{Heap after GC invocations=34 (full 0):
 garbage-first heap   total 191488K, used 98239K [0x0000000080000000, 0x0000000100000000)
  region size 1024K, 5 young (5120K), 5 survivors (5120K)
 Metaspace       used 70151K, committed 70784K, reserved 1114112K
  class space    used 9319K, committed 9600K, reserved 1048576K
}
Event: 11.732 GC heap before
{Heap before GC invocations=34 (full 0):
 garbage-first heap   total 191488K, used 102335K [0x0000000080000000, 0x0000000100000000)
  region size 1024K, 9 young (9216K), 5 survivors (5120K)
 Metaspace       used 70457K, committed 71104K, reserved 1114112K
  class space    used 9356K, committed 9664K, reserved 1048576K
}
Event: 11.736 GC heap after
{Heap after GC invocations=35 (full 0):
 garbage-first heap   total 191488K, used 98743K [0x0000000080000000, 0x0000000100000000)
  region size 1024K, 1 young (1024K), 1 survivors (1024K)
 Metaspace       used 70457K, committed 71104K, reserved 1114112K
  class space    used 9356K, committed 9664K, reserved 1048576K
}
Event: 12.647 GC heap before
{Heap before GC invocations=35 (full 0):
 garbage-first heap   total 191488K, used 147895K [0x0000000080000000, 0x0000000100000000)
  region size 1024K, 49 young (50176K), 1 survivors (1024K)
 Metaspace       used 76000K, committed 76736K, reserved 1122304K
  class space    used 10107K, committed 10432K, reserved 1048576K
}
Event: 12.652 GC heap after
{Heap after GC invocations=36 (full 0):
 garbage-first heap   total 191488K, used 101212K [0x0000000080000000, 0x0000000100000000)
  region size 1024K, 4 young (4096K), 4 survivors (4096K)
 Metaspace       used 76000K, committed 76736K, reserved 1122304K
  class space    used 10107K, committed 10432K, reserved 1048576K
}
Event: 13.266 GC heap before
{Heap before GC invocations=36 (full 0):
 garbage-first heap   total 191488K, used 149340K [0x0000000080000000, 0x0000000100000000)
  region size 1024K, 52 young (53248K), 4 survivors (4096K)
 Metaspace       used 79624K, committed 80320K, reserved 1122304K
  class space    used 10565K, committed 10880K, reserved 1048576K
}
Event: 13.273 GC heap after
{Heap after GC invocations=37 (full 0):
 garbage-first heap   total 191488K, used 106226K [0x0000000080000000, 0x0000000100000000)
  region size 1024K, 7 young (7168K), 7 survivors (7168K)
 Metaspace       used 79624K, committed 80320K, reserved 1122304K
  class space    used 10565K, committed 10880K, reserved 1048576K
}

